#
# There is insufficient memory for the Java Runtime Environment to continue.
# Native memory allocation (malloc) failed to allocate 430256 bytes for Chunk::new
# Possible reasons:
#   The system is out of physical RAM or swap space
#   The process is running with CompressedOops enabled, and the Java Heap may be blocking the growth of the native heap
# Possible solutions:
#   Reduce memory load on the system
#   Increase physical memory or swap space
#   Check if swap backing store is full
#   Decrease Java heap size (-Xmx/-Xms)
#   Decrease number of Java threads
#   Decrease Java thread stack sizes (-Xss)
#   Set larger code cache with -XX:ReservedCodeCacheSize=
#   JVM is running with Unscaled Compressed Oops mode in which the Java heap is
#     placed in the first 4GB address space. The Java Heap base address is the
#     maximum limit for the native heap growth. Please use -XX:HeapBaseMinAddress
#     to set the Java Heap base and to place the Java Heap above 4GB virtual address.
# This output file may be truncated or incomplete.
#
#  Out of Memory Error (arena.cpp:191), pid=23728, tid=10368
#
# JRE version: OpenJDK Runtime Environment Temurin-17.0.9+9 (17.0.9+9) (build 17.0.9+9)
# Java VM: OpenJDK 64-Bit Server VM Temurin-17.0.9+9 (17.0.9+9, mixed mode, tiered, compressed oops, compressed class ptrs, parallel gc, windows-amd64)
# No core dump will be written. Minidumps are not enabled by default on client versions of Windows
#

---------------  S U M M A R Y ------------

Command Line: --add-modules=ALL-SYSTEM --add-opens=java.base/java.util=ALL-UNNAMED --add-opens=java.base/java.lang=ALL-UNNAMED --add-opens=java.base/sun.nio.fs=ALL-UNNAMED -Declipse.application=org.eclipse.jdt.ls.core.id1 -Dosgi.bundles.defaultStartLevel=4 -Declipse.product=org.eclipse.jdt.ls.core.product -Djava.import.generatesMetadataFilesAtProjectRoot=false -DDetectVMInstallationsJob.disabled=true -Dfile.encoding=utf8 -XX:+UseParallelGC -XX:GCTimeRatio=4 -XX:AdaptiveSizePolicyWeight=90 -Dsun.zip.disableMemoryMapping=true -Xmx1G -Xms100m -Xlog:disable -javaagent:c:\Users\FPT\.vscode\extensions\redhat.java-1.26.0-win32-x64\lombok\lombok-1.18.31-3454.jar -XX:+HeapDumpOnOutOfMemoryError -XX:HeapDumpPath=c:\Users\FPT\AppData\Roaming\Code\User\workspaceStorage\88892199327c2b0873270458b71ff8b7\redhat.java -Daether.dependencyCollector.impl=bf c:\Users\FPT\.vscode\extensions\redhat.java-1.26.0-win32-x64\server\plugins\org.eclipse.equinox.launcher_1.6.700.v20231214-2017.jar -configuration c:\Users\FPT\AppData\Roaming\Code\User\globalStorage\redhat.java\1.26.0\config_win -data c:\Users\FPT\AppData\Roaming\Code\User\workspaceStorage\88892199327c2b0873270458b71ff8b7\redhat.java\jdt_ws --stdio

Host: 11th Gen Intel(R) Core(TM) i5-1135G7 @ 2.40GHz, 8 cores, 7G,  Windows 11 , 64 bit Build 22000 (10.0.22000.2538)
Time: Tue Jan 23 22:40:22 2024 SE Asia Standard Time elapsed time: 44.949562 seconds (0d 0h 0m 44s)

---------------  T H R E A D  ---------------

Current thread (0x000002a4232766b0):  JavaThread "C2 CompilerThread0" daemon [_thread_in_native, id=10368, stack(0x000000ba0e200000,0x000000ba0e300000)]


Current CompileTask:
C2:  44949 7161       4       java.util.zip.ZipFile$Source::initCEN (591 bytes)

Stack: [0x000000ba0e200000,0x000000ba0e300000]
Native frames: (J=compiled Java code, j=interpreted, Vv=VM code, C=native code)
V  [jvm.dll+0x67cf49]
V  [jvm.dll+0x83478a]
V  [jvm.dll+0x83624e]
V  [jvm.dll+0x8368b3]
V  [jvm.dll+0x247f1f]
V  [jvm.dll+0xac43c]
V  [jvm.dll+0xaca8c]
V  [jvm.dll+0x2af45f]
V  [jvm.dll+0x5853f7]
V  [jvm.dll+0x222f62]
V  [jvm.dll+0x22334f]
V  [jvm.dll+0x21c476]
V  [jvm.dll+0x2198c1]
V  [jvm.dll+0x1a57cd]
V  [jvm.dll+0x2297ae]
V  [jvm.dll+0x22797c]
V  [jvm.dll+0x7e9877]
V  [jvm.dll+0x7e3c3a]
V  [jvm.dll+0x67be35]
C  [ucrtbase.dll+0x26c0c]
C  [KERNEL32.DLL+0x153e0]
C  [ntdll.dll+0x485b]


---------------  P R O C E S S  ---------------

Threads class SMR info:
_java_thread_list=0x000002a427bd8b10, length=29, elements={
0x000002a408146ba0, 0x000002a41df21fa0, 0x000002a41df24120, 0x000002a423270020,
0x000002a423272900, 0x000002a4232731d0, 0x000002a423273aa0, 0x000002a4232766b0,
0x000002a4232a6fa0, 0x000002a4232d54c0, 0x000002a4233726a0, 0x000002a4235a6210,
0x000002a4245204e0, 0x000002a424b38950, 0x000002a42486d920, 0x000002a4243f3130,
0x000002a424debf60, 0x000002a4234d3cf0, 0x000002a4234d4200, 0x000002a4234d37e0,
0x000002a4234d4c20, 0x000002a4234d5640, 0x000002a4234d1e90, 0x000002a4234d32d0,
0x000002a4234d5130, 0x000002a4277ae1c0, 0x000002a4277b0f50, 0x000002a4277ac870,
0x000002a4277abe50
}

Java Threads: ( => current thread )
  0x000002a408146ba0 JavaThread "main" [_thread_blocked, id=17820, stack(0x000000ba0d900000,0x000000ba0da00000)]
  0x000002a41df21fa0 JavaThread "Reference Handler" daemon [_thread_blocked, id=8788, stack(0x000000ba0dc00000,0x000000ba0dd00000)]
  0x000002a41df24120 JavaThread "Finalizer" daemon [_thread_blocked, id=3084, stack(0x000000ba0dd00000,0x000000ba0de00000)]
  0x000002a423270020 JavaThread "Signal Dispatcher" daemon [_thread_blocked, id=20456, stack(0x000000ba0de00000,0x000000ba0df00000)]
  0x000002a423272900 JavaThread "Attach Listener" daemon [_thread_blocked, id=11436, stack(0x000000ba0df00000,0x000000ba0e000000)]
  0x000002a4232731d0 JavaThread "Service Thread" daemon [_thread_blocked, id=5752, stack(0x000000ba0e000000,0x000000ba0e100000)]
  0x000002a423273aa0 JavaThread "Monitor Deflation Thread" daemon [_thread_blocked, id=10996, stack(0x000000ba0e100000,0x000000ba0e200000)]
=>0x000002a4232766b0 JavaThread "C2 CompilerThread0" daemon [_thread_in_native, id=10368, stack(0x000000ba0e200000,0x000000ba0e300000)]
  0x000002a4232a6fa0 JavaThread "C1 CompilerThread0" daemon [_thread_blocked, id=3740, stack(0x000000ba0e300000,0x000000ba0e400000)]
  0x000002a4232d54c0 JavaThread "Sweeper thread" daemon [_thread_blocked, id=15712, stack(0x000000ba0e400000,0x000000ba0e500000)]
  0x000002a4233726a0 JavaThread "Common-Cleaner" daemon [_thread_blocked, id=17560, stack(0x000000ba0e500000,0x000000ba0e600000)]
  0x000002a4235a6210 JavaThread "Notification Thread" daemon [_thread_blocked, id=15204, stack(0x000000ba0e700000,0x000000ba0e800000)]
  0x000002a4245204e0 JavaThread "Active Thread: Equinox Container: 68e06a95-06a9-4ab8-b66d-55e0ff3c829e" [_thread_blocked, id=1716, stack(0x000000ba0ef00000,0x000000ba0f000000)]
  0x000002a424b38950 JavaThread "Framework Event Dispatcher: Equinox Container: 68e06a95-06a9-4ab8-b66d-55e0ff3c829e" daemon [_thread_blocked, id=9664, stack(0x000000ba0e600000,0x000000ba0e700000)]
  0x000002a42486d920 JavaThread "Start Level: Equinox Container: 68e06a95-06a9-4ab8-b66d-55e0ff3c829e" daemon [_thread_blocked, id=2052, stack(0x000000ba0f000000,0x000000ba0f100000)]
  0x000002a4243f3130 JavaThread "Bundle File Closer" daemon [_thread_blocked, id=23876, stack(0x000000ba0f200000,0x000000ba0f300000)]
  0x000002a424debf60 JavaThread "SCR Component Actor" daemon [_thread_blocked, id=23188, stack(0x000000ba0f300000,0x000000ba0f400000)]
  0x000002a4234d3cf0 JavaThread "Worker-JM" [_thread_blocked, id=23972, stack(0x000000ba0f500000,0x000000ba0f600000)]
  0x000002a4234d4200 JavaThread "Worker-0" [_thread_blocked, id=23956, stack(0x000000ba0f600000,0x000000ba0f700000)]
  0x000002a4234d37e0 JavaThread "Worker-1" [_thread_blocked, id=19188, stack(0x000000ba0f700000,0x000000ba0f800000)]
  0x000002a4234d4c20 JavaThread "Java indexing" daemon [_thread_blocked, id=8752, stack(0x000000ba0f900000,0x000000ba0fa00000)]
  0x000002a4234d5640 JavaThread "JNA Cleaner" daemon [_thread_blocked, id=10424, stack(0x000000ba0fa00000,0x000000ba0fb00000)]
  0x000002a4234d1e90 JavaThread "pool-2-thread-1" [_thread_blocked, id=23976, stack(0x000000ba0fb00000,0x000000ba0fc00000)]
  0x000002a4234d32d0 JavaThread "Worker-2: Initialize Workspace" [_thread_blocked, id=23476, stack(0x000000ba0fc00000,0x000000ba0fd00000)]
  0x000002a4234d5130 JavaThread "Worker-3" [_thread_blocked, id=23288, stack(0x000000ba0fd00000,0x000000ba0fe00000)]
  0x000002a4277ae1c0 JavaThread "WorkspaceEventsHandler" [_thread_blocked, id=20096, stack(0x000000ba0fe00000,0x000000ba0ff00000)]
  0x000002a4277b0f50 JavaThread "pool-1-thread-1" [_thread_in_native, id=22612, stack(0x000000ba0ff00000,0x000000ba10000000)]
  0x000002a4277ac870 JavaThread "Timer-0" [_thread_blocked, id=21960, stack(0x000000ba10100000,0x000000ba10200000)]
  0x000002a4277abe50 JavaThread "Connection worker" [_thread_in_native, id=12148, stack(0x000000ba10200000,0x000000ba10300000)]

Other Threads:
  0x000002a4081f7210 VMThread "VM Thread" [stack: 0x000000ba0db00000,0x000000ba0dc00000] [id=11128]
  0x000002a4235efd70 WatcherThread [stack: 0x000000ba0e800000,0x000000ba0e900000] [id=24516]
  0x000002a40815a700 GCTaskThread "GC Thread#0" [stack: 0x000000ba0da00000,0x000000ba0db00000] [id=6956]
  0x000002a42454dce0 GCTaskThread "GC Thread#1" [stack: 0x000000ba0e900000,0x000000ba0ea00000] [id=20412]
  0x000002a4248c6430 GCTaskThread "GC Thread#2" [stack: 0x000000ba0ea00000,0x000000ba0eb00000] [id=12396]
  0x000002a4248c66f0 GCTaskThread "GC Thread#3" [stack: 0x000000ba0eb00000,0x000000ba0ec00000] [id=18496]
  0x000002a4248c69b0 GCTaskThread "GC Thread#4" [stack: 0x000000ba0ec00000,0x000000ba0ed00000] [id=14972]
  0x000002a4248c6c70 GCTaskThread "GC Thread#5" [stack: 0x000000ba0ed00000,0x000000ba0ee00000] [id=15640]
  0x000002a4248c6f30 GCTaskThread "GC Thread#6" [stack: 0x000000ba0ee00000,0x000000ba0ef00000] [id=2252]
  0x000002a4235dc3b0 GCTaskThread "GC Thread#7" [stack: 0x000000ba0f100000,0x000000ba0f200000] [id=11244]

Threads with active compile tasks:
C2 CompilerThread0    44994 7161       4       java.util.zip.ZipFile$Source::initCEN (591 bytes)

VM state: not at safepoint (normal execution)

VM Mutex/Monitor currently owned by a thread: None

Heap address: 0x00000000c0000000, size: 1024 MB, Compressed Oops mode: 32-bit

CDS archive(s) not mapped
Compressed class space mapped at: 0x0000000100000000-0x0000000140000000, reserved size: 1073741824
Narrow klass base: 0x0000000000000000, Narrow klass shift: 3, Narrow klass range: 0x140000000

GC Precious Log:
 CPUs: 8 total, 8 available
 Memory: 7957M
 Large Page Support: Disabled
 NUMA Support: Disabled
 Compressed Oops: Enabled (32-bit)
 Alignments: Space 512K, Generation 512K, Heap 2M
 Heap Min Capacity: 100M
 Heap Initial Capacity: 100M
 Heap Max Capacity: 1G
 Pre-touch: Disabled
 Parallel Workers: 8

Heap:
 PSYoungGen      total 18944K, used 9378K [0x00000000eab00000, 0x00000000ec680000, 0x0000000100000000)
  eden space 16896K, 43% used [0x00000000eab00000,0x00000000eb22fee0,0x00000000ebb80000)
  from space 2048K, 98% used [0x00000000ec000000,0x00000000ec1f8cc8,0x00000000ec200000)
  to   space 4608K, 0% used [0x00000000ebb80000,0x00000000ebb80000,0x00000000ec000000)
 ParOldGen       total 68608K, used 45637K [0x00000000c0000000, 0x00000000c4300000, 0x00000000eab00000)
  object space 68608K, 66% used [0x00000000c0000000,0x00000000c2c91668,0x00000000c4300000)
 Metaspace       used 59867K, committed 60928K, reserved 1114112K
  class space    used 6765K, committed 7232K, reserved 1048576K

Card table byte_map: [0x000002a41b7a0000,0x000002a41b9b0000] _byte_map_base: 0x000002a41b1a0000

Marking Bits: (ParMarkBitMap*) 0x00007ffc4f4fd0b0
 Begin Bits: [0x000002a41bb10000, 0x000002a41cb10000)
 End Bits:   [0x000002a41cb10000, 0x000002a41db10000)

Polling page: 0x000002a408200000

Metaspace:

Usage:
  Non-class:     51.86 MB used.
      Class:      6.61 MB used.
       Both:     58.46 MB used.

Virtual space:
  Non-class space:       64.00 MB reserved,      52.44 MB ( 82%) committed,  1 nodes.
      Class space:        1.00 GB reserved,       7.06 MB ( <1%) committed,  1 nodes.
             Both:        1.06 GB reserved,      59.50 MB (  5%) committed. 

Chunk freelists:
   Non-Class:  10.86 MB
       Class:  8.91 MB
        Both:  19.77 MB

MaxMetaspaceSize: unlimited
CompressedClassSpaceSize: 1.00 GB
Initial GC threshold: 21.00 MB
Current GC threshold: 97.31 MB
CDS: off
MetaspaceReclaimPolicy: balanced
 - commit_granule_bytes: 65536.
 - commit_granule_words: 8192.
 - virtual_space_node_default_size: 8388608.
 - enlarge_chunks_in_place: 1.
 - new_chunks_are_fully_committed: 0.
 - uncommit_free_chunks: 1.
 - use_allocation_guard: 0.
 - handle_deallocations: 1.


Internal statistics:

num_allocs_failed_limit: 9.
num_arena_births: 498.
num_arena_deaths: 14.
num_vsnodes_births: 2.
num_vsnodes_deaths: 0.
num_space_committed: 952.
num_space_uncommitted: 0.
num_chunks_returned_to_freelist: 23.
num_chunks_taken_from_freelist: 2536.
num_chunk_merges: 14.
num_chunk_splits: 1648.
num_chunks_enlarged: 1093.
num_inconsistent_stats: 0.

CodeHeap 'non-profiled nmethods': size=120000Kb used=3507Kb max_used=3507Kb free=116493Kb
 bounds [0x000002a414080000, 0x000002a4143f0000, 0x000002a41b5b0000]
CodeHeap 'profiled nmethods': size=120000Kb used=12554Kb max_used=12554Kb free=107445Kb
 bounds [0x000002a40c5b0000, 0x000002a40d200000, 0x000002a413ae0000]
CodeHeap 'non-nmethods': size=5760Kb used=1349Kb max_used=1387Kb free=4411Kb
 bounds [0x000002a413ae0000, 0x000002a413d50000, 0x000002a414080000]
 total_blobs=7002 nmethods=6335 adapters=579
 compilation: enabled
              stopped_count=0, restarted_count=0
 full_count=0

Compilation events (20 events):
Event: 44.711 Thread 0x000002a4232a6fa0 7159       3       java.util.jar.JarFile::hasClassPathAttribute (9 bytes)
Event: 44.711 Thread 0x000002a4232a6fa0 nmethod 7159 0x000002a40d1e9710 code [0x000002a40d1e98a0, 0x000002a40d1e99e8]
Event: 44.794 Thread 0x000002a4232766b0 nmethod 7160 0x000002a4143e7e10 code [0x000002a4143e80c0, 0x000002a4143ea880]
Event: 44.877 Thread 0x000002a4232766b0 7161       4       java.util.zip.ZipFile$Source::initCEN (591 bytes)
Event: 44.917 Thread 0x000002a4232a6fa0 7163       3       java.util.LinkedHashMap::keySet (25 bytes)
Event: 44.917 Thread 0x000002a4232a6fa0 nmethod 7163 0x000002a40d1e9a90 code [0x000002a40d1e9c40, 0x000002a40d1e9f78]
Event: 44.919 Thread 0x000002a4232a6fa0 7166       3       org.gradle.internal.classpath.DefaultClassPath::isEmpty (8 bytes)
Event: 44.920 Thread 0x000002a4232a6fa0 nmethod 7166 0x000002a40d1ea110 code [0x000002a40d1ea2c0, 0x000002a40d1ea538]
Event: 44.920 Thread 0x000002a4232a6fa0 7165       1       org.gradle.api.internal.classpath.DefaultModuleRegistry$DefaultModule::getClasspath (5 bytes)
Event: 44.920 Thread 0x000002a4232a6fa0 nmethod 7165 0x000002a4143ebd10 code [0x000002a4143ebea0, 0x000002a4143ebf78]
Event: 44.920 Thread 0x000002a4232a6fa0 7167       1       org.gradle.internal.classpath.DefaultClassPath::getAsFiles (5 bytes)
Event: 44.920 Thread 0x000002a4232a6fa0 nmethod 7167 0x000002a4143ec010 code [0x000002a4143ec1a0, 0x000002a4143ec278]
Event: 44.944 Thread 0x000002a4232a6fa0 7169       3       java.util.Arrays::sort (24 bytes)
Event: 44.945 Thread 0x000002a4232a6fa0 nmethod 7169 0x000002a40d1ea610 code [0x000002a40d1ea7c0, 0x000002a40d1ea908]
Event: 44.945 Thread 0x000002a4232a6fa0 7170       3       org.gradle.internal.util.Trie$Builder::build (77 bytes)
Event: 44.945 Thread 0x000002a4232a6fa0 nmethod 7170 0x000002a40d1eaa10 code [0x000002a40d1eac40, 0x000002a40d1eb568]
Event: 44.945 Thread 0x000002a4232a6fa0 7171       3       org.gradle.internal.util.Trie::<init> (8 bytes)
Event: 44.946 Thread 0x000002a4232a6fa0 nmethod 7171 0x000002a40d1eb890 code [0x000002a40d1eba40, 0x000002a40d1ebc38]
Event: 44.946 Thread 0x000002a4232a6fa0 7172       3       org.gradle.internal.util.Trie::<init> (20 bytes)
Event: 44.946 Thread 0x000002a4232a6fa0 nmethod 7172 0x000002a40d1ebd90 code [0x000002a40d1ebf20, 0x000002a40d1ec0b8]

GC Heap History (20 events):
Event: 23.974 GC heap before
{Heap before GC invocations=22 (full 2):
 PSYoungGen      total 24576K, used 24280K [0x00000000eab00000, 0x00000000ec580000, 0x0000000100000000)
  eden space 22016K, 100% used [0x00000000eab00000,0x00000000ec080000,0x00000000ec080000)
  from space 2560K, 88% used [0x00000000ec080000,0x00000000ec2b6240,0x00000000ec300000)
  to   space 2560K, 0% used [0x00000000ec300000,0x00000000ec300000,0x00000000ec580000)
 ParOldGen       total 68608K, used 24732K [0x00000000c0000000, 0x00000000c4300000, 0x00000000eab00000)
  object space 68608K, 36% used [0x00000000c0000000,0x00000000c18272d8,0x00000000c4300000)
 Metaspace       used 55016K, committed 56000K, reserved 1114112K
  class space    used 6020K, committed 6464K, reserved 1048576K
}
Event: 23.977 GC heap after
{Heap after GC invocations=22 (full 2):
 PSYoungGen      total 24576K, used 2464K [0x00000000eab00000, 0x00000000ec580000, 0x0000000100000000)
  eden space 22016K, 0% used [0x00000000eab00000,0x00000000eab00000,0x00000000ec080000)
  from space 2560K, 96% used [0x00000000ec300000,0x00000000ec568020,0x00000000ec580000)
  to   space 2560K, 0% used [0x00000000ec080000,0x00000000ec080000,0x00000000ec300000)
 ParOldGen       total 68608K, used 26826K [0x00000000c0000000, 0x00000000c4300000, 0x00000000eab00000)
  object space 68608K, 39% used [0x00000000c0000000,0x00000000c1a32970,0x00000000c4300000)
 Metaspace       used 55016K, committed 56000K, reserved 1114112K
  class space    used 6020K, committed 6464K, reserved 1048576K
}
Event: 24.015 GC heap before
{Heap before GC invocations=23 (full 2):
 PSYoungGen      total 24576K, used 24480K [0x00000000eab00000, 0x00000000ec580000, 0x0000000100000000)
  eden space 22016K, 100% used [0x00000000eab00000,0x00000000ec080000,0x00000000ec080000)
  from space 2560K, 96% used [0x00000000ec300000,0x00000000ec568020,0x00000000ec580000)
  to   space 2560K, 0% used [0x00000000ec080000,0x00000000ec080000,0x00000000ec300000)
 ParOldGen       total 68608K, used 26826K [0x00000000c0000000, 0x00000000c4300000, 0x00000000eab00000)
  object space 68608K, 39% used [0x00000000c0000000,0x00000000c1a32970,0x00000000c4300000)
 Metaspace       used 55051K, committed 56000K, reserved 1114112K
  class space    used 6025K, committed 6464K, reserved 1048576K
}
Event: 24.018 GC heap after
{Heap after GC invocations=23 (full 2):
 PSYoungGen      total 24576K, used 2432K [0x00000000eab00000, 0x00000000ec580000, 0x0000000100000000)
  eden space 22016K, 0% used [0x00000000eab00000,0x00000000eab00000,0x00000000ec080000)
  from space 2560K, 95% used [0x00000000ec080000,0x00000000ec2e0000,0x00000000ec300000)
  to   space 2560K, 0% used [0x00000000ec300000,0x00000000ec300000,0x00000000ec580000)
 ParOldGen       total 68608K, used 29166K [0x00000000c0000000, 0x00000000c4300000, 0x00000000eab00000)
  object space 68608K, 42% used [0x00000000c0000000,0x00000000c1c7b8a8,0x00000000c4300000)
 Metaspace       used 55051K, committed 56000K, reserved 1114112K
  class space    used 6025K, committed 6464K, reserved 1048576K
}
Event: 24.049 GC heap before
{Heap before GC invocations=24 (full 2):
 PSYoungGen      total 24576K, used 24448K [0x00000000eab00000, 0x00000000ec580000, 0x0000000100000000)
  eden space 22016K, 100% used [0x00000000eab00000,0x00000000ec080000,0x00000000ec080000)
  from space 2560K, 95% used [0x00000000ec080000,0x00000000ec2e0000,0x00000000ec300000)
  to   space 2560K, 0% used [0x00000000ec300000,0x00000000ec300000,0x00000000ec580000)
 ParOldGen       total 68608K, used 29166K [0x00000000c0000000, 0x00000000c4300000, 0x00000000eab00000)
  object space 68608K, 42% used [0x00000000c0000000,0x00000000c1c7b8a8,0x00000000c4300000)
 Metaspace       used 55051K, committed 56000K, reserved 1114112K
  class space    used 6025K, committed 6464K, reserved 1048576K
}
Event: 24.052 GC heap after
{Heap after GC invocations=24 (full 2):
 PSYoungGen      total 21504K, used 2528K [0x00000000eab00000, 0x00000000ecb80000, 0x0000000100000000)
  eden space 18944K, 0% used [0x00000000eab00000,0x00000000eab00000,0x00000000ebd80000)
  from space 2560K, 98% used [0x00000000ec300000,0x00000000ec578010,0x00000000ec580000)
  to   space 5632K, 0% used [0x00000000ebd80000,0x00000000ebd80000,0x00000000ec300000)
 ParOldGen       total 68608K, used 31534K [0x00000000c0000000, 0x00000000c4300000, 0x00000000eab00000)
  object space 68608K, 45% used [0x00000000c0000000,0x00000000c1ecb8a8,0x00000000c4300000)
 Metaspace       used 55051K, committed 56000K, reserved 1114112K
  class space    used 6025K, committed 6464K, reserved 1048576K
}
Event: 24.129 GC heap before
{Heap before GC invocations=25 (full 2):
 PSYoungGen      total 21504K, used 21472K [0x00000000eab00000, 0x00000000ecb80000, 0x0000000100000000)
  eden space 18944K, 100% used [0x00000000eab00000,0x00000000ebd80000,0x00000000ebd80000)
  from space 2560K, 98% used [0x00000000ec300000,0x00000000ec578010,0x00000000ec580000)
  to   space 5632K, 0% used [0x00000000ebd80000,0x00000000ebd80000,0x00000000ec300000)
 ParOldGen       total 68608K, used 31534K [0x00000000c0000000, 0x00000000c4300000, 0x00000000eab00000)
  object space 68608K, 45% used [0x00000000c0000000,0x00000000c1ecb8a8,0x00000000c4300000)
 Metaspace       used 55554K, committed 56512K, reserved 1114112K
  class space    used 6066K, committed 6528K, reserved 1048576K
}
Event: 24.133 GC heap after
{Heap after GC invocations=25 (full 2):
 PSYoungGen      total 21504K, used 2496K [0x00000000eab00000, 0x00000000ec480000, 0x0000000100000000)
  eden space 18944K, 0% used [0x00000000eab00000,0x00000000eab00000,0x00000000ebd80000)
  from space 2560K, 97% used [0x00000000ebd80000,0x00000000ebff0000,0x00000000ec000000)
  to   space 3584K, 0% used [0x00000000ec100000,0x00000000ec100000,0x00000000ec480000)
 ParOldGen       total 68608K, used 34102K [0x00000000c0000000, 0x00000000c4300000, 0x00000000eab00000)
  object space 68608K, 49% used [0x00000000c0000000,0x00000000c214d8b8,0x00000000c4300000)
 Metaspace       used 55554K, committed 56512K, reserved 1114112K
  class space    used 6066K, committed 6528K, reserved 1048576K
}
Event: 24.464 GC heap before
{Heap before GC invocations=26 (full 2):
 PSYoungGen      total 21504K, used 21440K [0x00000000eab00000, 0x00000000ec480000, 0x0000000100000000)
  eden space 18944K, 100% used [0x00000000eab00000,0x00000000ebd80000,0x00000000ebd80000)
  from space 2560K, 97% used [0x00000000ebd80000,0x00000000ebff0000,0x00000000ec000000)
  to   space 3584K, 0% used [0x00000000ec100000,0x00000000ec100000,0x00000000ec480000)
 ParOldGen       total 68608K, used 34102K [0x00000000c0000000, 0x00000000c4300000, 0x00000000eab00000)
  object space 68608K, 49% used [0x00000000c0000000,0x00000000c214d8b8,0x00000000c4300000)
 Metaspace       used 56329K, committed 57280K, reserved 1114112K
  class space    used 6175K, committed 6656K, reserved 1048576K
}
Event: 24.467 GC heap after
{Heap after GC invocations=26 (full 2):
 PSYoungGen      total 19456K, used 320K [0x00000000eab00000, 0x00000000ec180000, 0x0000000100000000)
  eden space 18944K, 0% used [0x00000000eab00000,0x00000000eab00000,0x00000000ebd80000)
  from space 512K, 62% used [0x00000000ec100000,0x00000000ec150000,0x00000000ec180000)
  to   space 1536K, 0% used [0x00000000ebe80000,0x00000000ebe80000,0x00000000ec000000)
 ParOldGen       total 68608K, used 36545K [0x00000000c0000000, 0x00000000c4300000, 0x00000000eab00000)
  object space 68608K, 53% used [0x00000000c0000000,0x00000000c23b0490,0x00000000c4300000)
 Metaspace       used 56329K, committed 57280K, reserved 1114112K
  class space    used 6175K, committed 6656K, reserved 1048576K
}
Event: 32.165 GC heap before
{Heap before GC invocations=27 (full 2):
 PSYoungGen      total 19456K, used 19160K [0x00000000eab00000, 0x00000000ec180000, 0x0000000100000000)
  eden space 18944K, 99% used [0x00000000eab00000,0x00000000ebd663e8,0x00000000ebd80000)
  from space 512K, 62% used [0x00000000ec100000,0x00000000ec150000,0x00000000ec180000)
  to   space 1536K, 0% used [0x00000000ebe80000,0x00000000ebe80000,0x00000000ec000000)
 ParOldGen       total 68608K, used 36545K [0x00000000c0000000, 0x00000000c4300000, 0x00000000eab00000)
  object space 68608K, 53% used [0x00000000c0000000,0x00000000c23b0490,0x00000000c4300000)
 Metaspace       used 57773K, committed 58752K, reserved 1114112K
  class space    used 6405K, committed 6848K, reserved 1048576K
}
Event: 32.168 GC heap after
{Heap after GC invocations=27 (full 2):
 PSYoungGen      total 20480K, used 1507K [0x00000000eab00000, 0x00000000ec580000, 0x0000000100000000)
  eden space 18944K, 0% used [0x00000000eab00000,0x00000000eab00000,0x00000000ebd80000)
  from space 1536K, 98% used [0x00000000ebe80000,0x00000000ebff8e58,0x00000000ec000000)
  to   space 4096K, 0% used [0x00000000ec180000,0x00000000ec180000,0x00000000ec580000)
 ParOldGen       total 68608K, used 38264K [0x00000000c0000000, 0x00000000c4300000, 0x00000000eab00000)
  object space 68608K, 55% used [0x00000000c0000000,0x00000000c255e2c0,0x00000000c4300000)
 Metaspace       used 57773K, committed 58752K, reserved 1114112K
  class space    used 6405K, committed 6848K, reserved 1048576K
}
Event: 36.364 GC heap before
{Heap before GC invocations=28 (full 2):
 PSYoungGen      total 20480K, used 18688K [0x00000000eab00000, 0x00000000ec580000, 0x0000000100000000)
  eden space 18944K, 90% used [0x00000000eab00000,0x00000000ebbc7398,0x00000000ebd80000)
  from space 1536K, 98% used [0x00000000ebe80000,0x00000000ebff8e58,0x00000000ec000000)
  to   space 4096K, 0% used [0x00000000ec180000,0x00000000ec180000,0x00000000ec580000)
 ParOldGen       total 68608K, used 38264K [0x00000000c0000000, 0x00000000c4300000, 0x00000000eab00000)
  object space 68608K, 55% used [0x00000000c0000000,0x00000000c255e2c0,0x00000000c4300000)
 Metaspace       used 58805K, committed 59776K, reserved 1114112K
  class space    used 6593K, committed 7040K, reserved 1048576K
}
Event: 36.370 GC heap after
{Heap after GC invocations=28 (full 2):
 PSYoungGen      total 22528K, used 3135K [0x00000000eab00000, 0x00000000ec500000, 0x0000000100000000)
  eden space 18944K, 0% used [0x00000000eab00000,0x00000000eab00000,0x00000000ebd80000)
  from space 3584K, 87% used [0x00000000ec180000,0x00000000ec48fdc0,0x00000000ec500000)
  to   space 3584K, 0% used [0x00000000ebe00000,0x00000000ebe00000,0x00000000ec180000)
 ParOldGen       total 68608K, used 43151K [0x00000000c0000000, 0x00000000c4300000, 0x00000000eab00000)
  object space 68608K, 62% used [0x00000000c0000000,0x00000000c2a23dd0,0x00000000c4300000)
 Metaspace       used 58805K, committed 59776K, reserved 1114112K
  class space    used 6593K, committed 7040K, reserved 1048576K
}
Event: 36.370 GC heap before
{Heap before GC invocations=29 (full 3):
 PSYoungGen      total 22528K, used 3135K [0x00000000eab00000, 0x00000000ec500000, 0x0000000100000000)
  eden space 18944K, 0% used [0x00000000eab00000,0x00000000eab00000,0x00000000ebd80000)
  from space 3584K, 87% used [0x00000000ec180000,0x00000000ec48fdc0,0x00000000ec500000)
  to   space 3584K, 0% used [0x00000000ebe00000,0x00000000ebe00000,0x00000000ec180000)
 ParOldGen       total 68608K, used 43151K [0x00000000c0000000, 0x00000000c4300000, 0x00000000eab00000)
  object space 68608K, 62% used [0x00000000c0000000,0x00000000c2a23dd0,0x00000000c4300000)
 Metaspace       used 58805K, committed 59776K, reserved 1114112K
  class space    used 6593K, committed 7040K, reserved 1048576K
}
Event: 36.492 GC heap after
{Heap after GC invocations=29 (full 3):
 PSYoungGen      total 22528K, used 0K [0x00000000eab00000, 0x00000000ec500000, 0x0000000100000000)
  eden space 18944K, 0% used [0x00000000eab00000,0x00000000eab00000,0x00000000ebd80000)
  from space 3584K, 0% used [0x00000000ec180000,0x00000000ec180000,0x00000000ec500000)
  to   space 3584K, 0% used [0x00000000ebe00000,0x00000000ebe00000,0x00000000ec180000)
 ParOldGen       total 68608K, used 43986K [0x00000000c0000000, 0x00000000c4300000, 0x00000000eab00000)
  object space 68608K, 64% used [0x00000000c0000000,0x00000000c2af4970,0x00000000c4300000)
 Metaspace       used 58805K, committed 59776K, reserved 1114112K
  class space    used 6593K, committed 7040K, reserved 1048576K
}
Event: 37.489 GC heap before
{Heap before GC invocations=30 (full 3):
 PSYoungGen      total 22528K, used 18944K [0x00000000eab00000, 0x00000000ec500000, 0x0000000100000000)
  eden space 18944K, 100% used [0x00000000eab00000,0x00000000ebd80000,0x00000000ebd80000)
  from space 3584K, 0% used [0x00000000ec180000,0x00000000ec180000,0x00000000ec500000)
  to   space 3584K, 0% used [0x00000000ebe00000,0x00000000ebe00000,0x00000000ec180000)
 ParOldGen       total 68608K, used 43986K [0x00000000c0000000, 0x00000000c4300000, 0x00000000eab00000)
  object space 68608K, 64% used [0x00000000c0000000,0x00000000c2af4970,0x00000000c4300000)
 Metaspace       used 59772K, committed 60800K, reserved 1114112K
  class space    used 6744K, committed 7232K, reserved 1048576K
}
Event: 37.491 GC heap after
{Heap after GC invocations=30 (full 3):
 PSYoungGen      total 19968K, used 704K [0x00000000eab00000, 0x00000000ec200000, 0x0000000100000000)
  eden space 18944K, 0% used [0x00000000eab00000,0x00000000eab00000,0x00000000ebd80000)
  from space 1024K, 68% used [0x00000000ebe00000,0x00000000ebeb0000,0x00000000ebf00000)
  to   space 2048K, 0% used [0x00000000ec000000,0x00000000ec000000,0x00000000ec200000)
 ParOldGen       total 68608K, used 43994K [0x00000000c0000000, 0x00000000c4300000, 0x00000000eab00000)
  object space 68608K, 64% used [0x00000000c0000000,0x00000000c2af6970,0x00000000c4300000)
 Metaspace       used 59772K, committed 60800K, reserved 1114112K
  class space    used 6744K, committed 7232K, reserved 1048576K
}
Event: 44.173 GC heap before
{Heap before GC invocations=31 (full 3):
 PSYoungGen      total 19968K, used 19648K [0x00000000eab00000, 0x00000000ec200000, 0x0000000100000000)
  eden space 18944K, 100% used [0x00000000eab00000,0x00000000ebd80000,0x00000000ebd80000)
  from space 1024K, 68% used [0x00000000ebe00000,0x00000000ebeb0000,0x00000000ebf00000)
  to   space 2048K, 0% used [0x00000000ec000000,0x00000000ec000000,0x00000000ec200000)
 ParOldGen       total 68608K, used 43994K [0x00000000c0000000, 0x00000000c4300000, 0x00000000eab00000)
  object space 68608K, 64% used [0x00000000c0000000,0x00000000c2af6970,0x00000000c4300000)
 Metaspace       used 59792K, committed 60864K, reserved 1114112K
  class space    used 6744K, committed 7232K, reserved 1048576K
}
Event: 44.175 GC heap after
{Heap after GC invocations=31 (full 3):
 PSYoungGen      total 18944K, used 2019K [0x00000000eab00000, 0x00000000ec680000, 0x0000000100000000)
  eden space 16896K, 0% used [0x00000000eab00000,0x00000000eab00000,0x00000000ebb80000)
  from space 2048K, 98% used [0x00000000ec000000,0x00000000ec1f8cc8,0x00000000ec200000)
  to   space 4608K, 0% used [0x00000000ebb80000,0x00000000ebb80000,0x00000000ec000000)
 ParOldGen       total 68608K, used 45637K [0x00000000c0000000, 0x00000000c4300000, 0x00000000eab00000)
  object space 68608K, 66% used [0x00000000c0000000,0x00000000c2c91668,0x00000000c4300000)
 Metaspace       used 59792K, committed 60864K, reserved 1114112K
  class space    used 6744K, committed 7232K, reserved 1048576K
}

Dll operation events (12 events):
Event: 0.012 Loaded shared library c:\Users\FPT\.vscode\extensions\redhat.java-1.26.0-win32-x64\jre\17.0.9-win32-x86_64\bin\java.dll
Event: 0.302 Loaded shared library c:\Users\FPT\.vscode\extensions\redhat.java-1.26.0-win32-x64\jre\17.0.9-win32-x86_64\bin\zip.dll
Event: 0.306 Loaded shared library C:\Users\FPT\.vscode\extensions\redhat.java-1.26.0-win32-x64\jre\17.0.9-win32-x86_64\bin\instrument.dll
Event: 0.329 Loaded shared library C:\Users\FPT\.vscode\extensions\redhat.java-1.26.0-win32-x64\jre\17.0.9-win32-x86_64\bin\net.dll
Event: 0.332 Loaded shared library C:\Users\FPT\.vscode\extensions\redhat.java-1.26.0-win32-x64\jre\17.0.9-win32-x86_64\bin\nio.dll
Event: 0.343 Loaded shared library C:\Users\FPT\.vscode\extensions\redhat.java-1.26.0-win32-x64\jre\17.0.9-win32-x86_64\bin\zip.dll
Event: 0.365 Loaded shared library C:\Users\FPT\.vscode\extensions\redhat.java-1.26.0-win32-x64\jre\17.0.9-win32-x86_64\bin\jimage.dll
Event: 0.453 Loaded shared library c:\Users\FPT\.vscode\extensions\redhat.java-1.26.0-win32-x64\jre\17.0.9-win32-x86_64\bin\verify.dll
Event: 8.095 Loaded shared library C:\Users\FPT\AppData\Roaming\Code\User\globalStorage\redhat.java\1.26.0\config_win\org.eclipse.equinox.launcher\org.eclipse.equinox.launcher.win32.win32.x86_64_1.2.800.v20231003-1442\eclipse_11802.dll
Event: 21.004 Loaded shared library C:\Users\FPT\AppData\Local\Temp\jna--240261775\jna16687897574464586928.dll
Event: 23.206 Loaded shared library C:\Users\FPT\.vscode\extensions\redhat.java-1.26.0-win32-x64\jre\17.0.9-win32-x86_64\bin\sunmscapi.dll
Event: 36.357 Loaded shared library C:\Users\FPT\.gradle\native\68d5fa5c4cc2d200863cafc0d521ce42e7d3e7ee720ec0a83991735586a16f82\windows-amd64\native-platform.dll

Deoptimization events (20 events):
Event: 41.107 Thread 0x000002a4277abe50 DEOPT PACKING pc=0x000002a40c9125bd sp=0x000000ba102fbb80
Event: 41.107 Thread 0x000002a4277abe50 DEOPT UNPACKING pc=0x000002a413b3a9e3 sp=0x000000ba102fb008 mode 0
Event: 41.107 Thread 0x000002a4277abe50 DEOPT PACKING pc=0x000002a40d19091f sp=0x000000ba102fbbc0
Event: 41.107 Thread 0x000002a4277abe50 DEOPT UNPACKING pc=0x000002a413b3a9e3 sp=0x000000ba102fb140 mode 0
Event: 42.503 Thread 0x000002a4277abe50 DEOPT PACKING pc=0x000002a40d19091f sp=0x000000ba102fbbc0
Event: 42.503 Thread 0x000002a4277abe50 DEOPT UNPACKING pc=0x000002a413b3a9e3 sp=0x000000ba102fb140 mode 0
Event: 43.912 Thread 0x000002a4277abe50 DEOPT PACKING pc=0x000002a40d19091f sp=0x000000ba102fbb50
Event: 43.912 Thread 0x000002a4277abe50 DEOPT UNPACKING pc=0x000002a413b3a9e3 sp=0x000000ba102fb0d0 mode 0
Event: 44.243 Thread 0x000002a4277abe50 Uncommon trap: trap_request=0x00000054 fr.pc=0x000002a4143c641c relative=0x000000000000015c
Event: 44.243 Thread 0x000002a4277abe50 Uncommon trap: reason=unloaded action=reinterpret pc=0x000002a4143c641c method=java.security.AccessController.wrapException(Ljava/lang/Exception;)Ljava/security/PrivilegedActionException; @ 0 c2
Event: 44.243 Thread 0x000002a4277abe50 DEOPT PACKING pc=0x000002a4143c641c sp=0x000000ba102fc220
Event: 44.243 Thread 0x000002a4277abe50 DEOPT UNPACKING pc=0x000002a413b39ea3 sp=0x000000ba102fc0e0 mode 2
Event: 44.877 Thread 0x000002a4277abe50 DEOPT PACKING pc=0x000002a40d19091f sp=0x000000ba102fba20
Event: 44.877 Thread 0x000002a4277abe50 DEOPT UNPACKING pc=0x000002a413b3a9e3 sp=0x000000ba102fafa0 mode 0
Event: 44.930 Thread 0x000002a4277abe50 DEOPT PACKING pc=0x000002a40c78c013 sp=0x000000ba102fc6f0
Event: 44.931 Thread 0x000002a4277abe50 DEOPT UNPACKING pc=0x000002a413b3a9e3 sp=0x000000ba102fbc28 mode 0
Event: 44.937 Thread 0x000002a4277abe50 DEOPT PACKING pc=0x000002a40c78c013 sp=0x000000ba102fc6f0
Event: 44.937 Thread 0x000002a4277abe50 DEOPT UNPACKING pc=0x000002a413b3a9e3 sp=0x000000ba102fbc28 mode 0
Event: 44.942 Thread 0x000002a4277abe50 DEOPT PACKING pc=0x000002a40c78c013 sp=0x000000ba102fc6f0
Event: 44.942 Thread 0x000002a4277abe50 DEOPT UNPACKING pc=0x000002a413b3a9e3 sp=0x000000ba102fbc28 mode 0

Classes unloaded (7 events):
Event: 19.289 Thread 0x000002a4081f7210 Unloading class 0x000000010024e400 'java/lang/invoke/LambdaForm$MH+0x000000010024e400'
Event: 19.289 Thread 0x000002a4081f7210 Unloading class 0x000000010024e000 'java/lang/invoke/LambdaForm$MH+0x000000010024e000'
Event: 19.289 Thread 0x000002a4081f7210 Unloading class 0x000000010024dc00 'java/lang/invoke/LambdaForm$MH+0x000000010024dc00'
Event: 19.289 Thread 0x000002a4081f7210 Unloading class 0x000000010024d800 'java/lang/invoke/LambdaForm$MH+0x000000010024d800'
Event: 19.289 Thread 0x000002a4081f7210 Unloading class 0x000000010024d400 'java/lang/invoke/LambdaForm$BMH+0x000000010024d400'
Event: 19.289 Thread 0x000002a4081f7210 Unloading class 0x000000010024d000 'java/lang/invoke/LambdaForm$DMH+0x000000010024d000'
Event: 19.289 Thread 0x000002a4081f7210 Unloading class 0x0000000100248400 'java/lang/invoke/LambdaForm$DMH+0x0000000100248400'

Classes redefined (0 events):
No events

Internal exceptions (20 events):
Event: 24.383 Thread 0x000002a4234d32d0 Exception <a 'sun/nio/fs/WindowsException'{0x00000000ebb74310}> (0x00000000ebb74310) 
thrown [s\src\hotspot\share\prims\jni.cpp, line 516]
Event: 24.383 Thread 0x000002a4234d32d0 Exception <a 'sun/nio/fs/WindowsException'{0x00000000ebb78a60}> (0x00000000ebb78a60) 
thrown [s\src\hotspot\share\prims\jni.cpp, line 516]
Event: 24.383 Thread 0x000002a4234d32d0 Exception <a 'sun/nio/fs/WindowsException'{0x00000000ebb790c8}> (0x00000000ebb790c8) 
thrown [s\src\hotspot\share\prims\jni.cpp, line 516]
Event: 24.383 Thread 0x000002a4234d32d0 Exception <a 'sun/nio/fs/WindowsException'{0x00000000ebb79730}> (0x00000000ebb79730) 
thrown [s\src\hotspot\share\prims\jni.cpp, line 516]
Event: 24.383 Thread 0x000002a4234d32d0 Exception <a 'sun/nio/fs/WindowsException'{0x00000000ebb79db8}> (0x00000000ebb79db8) 
thrown [s\src\hotspot\share\prims\jni.cpp, line 516]
Event: 24.383 Thread 0x000002a4234d32d0 Exception <a 'sun/nio/fs/WindowsException'{0x00000000ebb7e2a0}> (0x00000000ebb7e2a0) 
thrown [s\src\hotspot\share\prims\jni.cpp, line 516]
Event: 24.383 Thread 0x000002a4234d32d0 Exception <a 'sun/nio/fs/WindowsException'{0x00000000ebb7e8a8}> (0x00000000ebb7e8a8) 
thrown [s\src\hotspot\share\prims\jni.cpp, line 516]
Event: 24.383 Thread 0x000002a4234d32d0 Exception <a 'sun/nio/fs/WindowsException'{0x00000000ebb7eeb0}> (0x00000000ebb7eeb0) 
thrown [s\src\hotspot\share\prims\jni.cpp, line 516]
Event: 24.383 Thread 0x000002a4234d32d0 Exception <a 'sun/nio/fs/WindowsException'{0x00000000ebb7f4d8}> (0x00000000ebb7f4d8) 
thrown [s\src\hotspot\share\prims\jni.cpp, line 516]
Event: 24.383 Thread 0x000002a4234d32d0 Exception <a 'sun/nio/fs/WindowsException'{0x00000000ebb838e0}> (0x00000000ebb838e0) 
thrown [s\src\hotspot\share\prims\jni.cpp, line 516]
Event: 24.383 Thread 0x000002a4234d32d0 Exception <a 'sun/nio/fs/WindowsException'{0x00000000ebb83ee8}> (0x00000000ebb83ee8) 
thrown [s\src\hotspot\share\prims\jni.cpp, line 516]
Event: 24.383 Thread 0x000002a4234d32d0 Exception <a 'sun/nio/fs/WindowsException'{0x00000000ebb844f0}> (0x00000000ebb844f0) 
thrown [s\src\hotspot\share\prims\jni.cpp, line 516]
Event: 24.383 Thread 0x000002a4234d32d0 Exception <a 'sun/nio/fs/WindowsException'{0x00000000ebb84b18}> (0x00000000ebb84b18) 
thrown [s\src\hotspot\share\prims\jni.cpp, line 516]
Event: 24.383 Thread 0x000002a4234d32d0 Exception <a 'sun/nio/fs/WindowsException'{0x00000000ebb88e10}> (0x00000000ebb88e10) 
thrown [s\src\hotspot\share\prims\jni.cpp, line 516]
Event: 24.383 Thread 0x000002a4234d32d0 Exception <a 'sun/nio/fs/WindowsException'{0x00000000ebb89418}> (0x00000000ebb89418) 
thrown [s\src\hotspot\share\prims\jni.cpp, line 516]
Event: 24.383 Thread 0x000002a4234d32d0 Exception <a 'sun/nio/fs/WindowsException'{0x00000000ebb89a20}> (0x00000000ebb89a20) 
thrown [s\src\hotspot\share\prims\jni.cpp, line 516]
Event: 24.383 Thread 0x000002a4234d32d0 Exception <a 'sun/nio/fs/WindowsException'{0x00000000ebb8a048}> (0x00000000ebb8a048) 
thrown [s\src\hotspot\share\prims\jni.cpp, line 516]
Event: 31.571 Thread 0x000002a4245204e0 Implicit null exception at 0x000002a4142d78f5 to 0x000002a4142d7b7e
Event: 36.318 Thread 0x000002a4277abe50 Exception <a 'java/lang/NoSuchMethodError'{0x00000000eba58020}: 'java.lang.Object java.lang.invoke.DirectMethodHandle$Holder.invokeVirtual(java.lang.Object, java.lang.Object, java.lang.Object, java.lang.Object, java.lang.Object, java.lang.Object, java.lang.Object)'> (0x00000000eba58020) 
thrown [s\src\hotspot\share\interpreter\linkResolver.cpp, line 759]
Event: 36.321 Thread 0x000002a4277abe50 Exception <a 'java/lang/NoSuchMethodError'{0x00000000eba71640}: 'java.lang.Object java.lang.invoke.Invokers$Holder.invoker(java.lang.Object, java.lang.Object, java.lang.Object)'> (0x00000000eba71640) 
thrown [s\src\hotspot\share\interpreter\linkResolver.cpp, line 759]

VM Operations (20 events):
Event: 36.185 Executing VM operation: Cleanup
Event: 36.185 Executing VM operation: Cleanup done
Event: 36.364 Executing VM operation: CollectForMetadataAllocation
Event: 36.492 Executing VM operation: CollectForMetadataAllocation done
Event: 37.489 Executing VM operation: ParallelGCFailedAllocation
Event: 37.491 Executing VM operation: ParallelGCFailedAllocation done
Event: 39.498 Executing VM operation: Cleanup
Event: 39.498 Executing VM operation: Cleanup done
Event: 40.499 Executing VM operation: Cleanup
Event: 40.499 Executing VM operation: Cleanup done
Event: 41.499 Executing VM operation: Cleanup
Event: 41.499 Executing VM operation: Cleanup done
Event: 42.508 Executing VM operation: Cleanup
Event: 42.508 Executing VM operation: Cleanup done
Event: 43.518 Executing VM operation: Cleanup
Event: 43.518 Executing VM operation: Cleanup done
Event: 44.173 Executing VM operation: ParallelGCFailedAllocation
Event: 44.175 Executing VM operation: ParallelGCFailedAllocation done
Event: 44.244 Executing VM operation: HandshakeAllThreads
Event: 44.244 Executing VM operation: HandshakeAllThreads done

Events (20 events):
Event: 25.322 loading class sun/net/www/protocol/http/HttpURLConnection$HttpInputStream
Event: 25.322 loading class sun/net/www/protocol/http/HttpURLConnection$HttpInputStream done
Event: 26.001 loading class sun/net/www/http/KeepAliveCache$1
Event: 26.001 loading class sun/net/www/http/KeepAliveCache$1 done
Event: 26.001 Thread 0x000002a4277ae6d0 Thread added: 0x000002a4277ae6d0
Event: 26.001 loading class sun/net/www/http/ClientVector
Event: 26.002 loading class sun/net/www/http/ClientVector done
Event: 26.003 loading class sun/net/www/http/KeepAliveEntry
Event: 26.004 loading class sun/net/www/http/KeepAliveEntry done
Event: 26.026 Thread 0x000002a42558f020 Thread added: 0x000002a42558f020
Event: 26.278 Thread 0x000002a42558f020 Thread exited: 0x000002a42558f020
Event: 31.539 loading class java/io/DataOutputStream
Event: 31.540 loading class java/io/DataOutputStream done
Event: 36.012 loading class sun/security/ssl/Alert
Event: 36.013 loading class sun/security/ssl/Alert done
Event: 36.013 loading class sun/security/ssl/Alert$AlertConsumer
Event: 36.014 loading class sun/security/ssl/Alert$AlertConsumer done
Event: 36.014 loading class sun/security/ssl/Alert$Level
Event: 36.014 loading class sun/security/ssl/Alert$Level done
Event: 36.015 Thread 0x000002a4277ae6d0 Thread exited: 0x000002a4277ae6d0


Dynamic libraries:
0x00007ff774a80000 - 0x00007ff774a8e000 	c:\Users\FPT\.vscode\extensions\redhat.java-1.26.0-win32-x64\jre\17.0.9-win32-x86_64\bin\java.exe
0x00007ffca97e0000 - 0x00007ffca99e9000 	C:\WINDOWS\SYSTEM32\ntdll.dll
0x00007ffca8420000 - 0x00007ffca84dd000 	C:\WINDOWS\System32\KERNEL32.DLL
0x00007ffca7060000 - 0x00007ffca73e4000 	C:\WINDOWS\System32\KERNELBASE.dll
0x00007ffca6db0000 - 0x00007ffca6ec1000 	C:\WINDOWS\System32\ucrtbase.dll
0x00007ffc7d270000 - 0x00007ffc7d28b000 	c:\Users\FPT\.vscode\extensions\redhat.java-1.26.0-win32-x64\jre\17.0.9-win32-x86_64\bin\VCRUNTIME140.dll
0x00007ffc7d130000 - 0x00007ffc7d147000 	c:\Users\FPT\.vscode\extensions\redhat.java-1.26.0-win32-x64\jre\17.0.9-win32-x86_64\bin\jli.dll
0x00007ffca8f00000 - 0x00007ffca90ad000 	C:\WINDOWS\System32\USER32.dll
0x00007ffca7560000 - 0x00007ffca7586000 	C:\WINDOWS\System32\win32u.dll
0x00007ffca8700000 - 0x00007ffca872a000 	C:\WINDOWS\System32\GDI32.dll
0x00007ffca6f40000 - 0x00007ffca705e000 	C:\WINDOWS\System32\gdi32full.dll
0x00007ffca7590000 - 0x00007ffca762d000 	C:\WINDOWS\System32\msvcp_win.dll
0x00007ffc879c0000 - 0x00007ffc87c65000 	C:\WINDOWS\WinSxS\amd64_microsoft.windows.common-controls_6595b64144ccf1df_6.0.22000.120_none_9d947278b86cc467\COMCTL32.dll
0x00007ffca84f0000 - 0x00007ffca8593000 	C:\WINDOWS\System32\msvcrt.dll
0x00007ffca7a10000 - 0x00007ffca7a41000 	C:\WINDOWS\System32\IMM32.DLL
0x00007ffca2400000 - 0x00007ffca240c000 	c:\Users\FPT\.vscode\extensions\redhat.java-1.26.0-win32-x64\jre\17.0.9-win32-x86_64\bin\vcruntime140_1.dll
0x00007ffc67160000 - 0x00007ffc671ed000 	c:\Users\FPT\.vscode\extensions\redhat.java-1.26.0-win32-x64\jre\17.0.9-win32-x86_64\bin\msvcp140.dll
0x00007ffc4e960000 - 0x00007ffc4f5c1000 	c:\Users\FPT\.vscode\extensions\redhat.java-1.26.0-win32-x64\jre\17.0.9-win32-x86_64\bin\server\jvm.dll
0x00007ffca8360000 - 0x00007ffca840e000 	C:\WINDOWS\System32\ADVAPI32.dll
0x00007ffca9430000 - 0x00007ffca94ce000 	C:\WINDOWS\System32\sechost.dll
0x00007ffca95c0000 - 0x00007ffca96e1000 	C:\WINDOWS\System32\RPCRT4.dll
0x00007ffca6010000 - 0x00007ffca605d000 	C:\WINDOWS\SYSTEM32\POWRPROF.dll
0x00007ffc822f0000 - 0x00007ffc822f9000 	C:\WINDOWS\SYSTEM32\WSOCK32.dll
0x00007ffca9220000 - 0x00007ffca928f000 	C:\WINDOWS\System32\WS2_32.dll
0x00007ffc9ea70000 - 0x00007ffc9eaa3000 	C:\WINDOWS\SYSTEM32\WINMM.dll
0x00007ffc9e620000 - 0x00007ffc9e62a000 	C:\WINDOWS\SYSTEM32\VERSION.dll
0x00007ffca5ee0000 - 0x00007ffca5ef3000 	C:\WINDOWS\SYSTEM32\UMPDC.dll
0x00007ffca5d50000 - 0x00007ffca5d68000 	C:\WINDOWS\SYSTEM32\kernel.appcore.dll
0x00007ffc89960000 - 0x00007ffc8996a000 	c:\Users\FPT\.vscode\extensions\redhat.java-1.26.0-win32-x64\jre\17.0.9-win32-x86_64\bin\jimage.dll
0x00007ffca4190000 - 0x00007ffca43b1000 	C:\WINDOWS\SYSTEM32\DBGHELP.DLL
0x00007ffc8a4f0000 - 0x00007ffc8a521000 	C:\WINDOWS\SYSTEM32\dbgcore.DLL
0x00007ffca6d30000 - 0x00007ffca6daf000 	C:\WINDOWS\System32\bcryptPrimitives.dll
0x00007ffc7d260000 - 0x00007ffc7d26e000 	c:\Users\FPT\.vscode\extensions\redhat.java-1.26.0-win32-x64\jre\17.0.9-win32-x86_64\bin\instrument.dll
0x00007ffc78850000 - 0x00007ffc78875000 	c:\Users\FPT\.vscode\extensions\redhat.java-1.26.0-win32-x64\jre\17.0.9-win32-x86_64\bin\java.dll
0x00007ffc77a70000 - 0x00007ffc77a88000 	c:\Users\FPT\.vscode\extensions\redhat.java-1.26.0-win32-x64\jre\17.0.9-win32-x86_64\bin\zip.dll
0x00007ffca8730000 - 0x00007ffca8ef5000 	C:\WINDOWS\System32\SHELL32.dll
0x00007ffca4d10000 - 0x00007ffca5572000 	C:\WINDOWS\SYSTEM32\windows.storage.dll
0x00007ffca7690000 - 0x00007ffca7a06000 	C:\WINDOWS\System32\combase.dll
0x00007ffca4ba0000 - 0x00007ffca4d07000 	C:\WINDOWS\SYSTEM32\wintypes.dll
0x00007ffca94d0000 - 0x00007ffca95ba000 	C:\WINDOWS\System32\SHCORE.dll
0x00007ffca7630000 - 0x00007ffca768d000 	C:\WINDOWS\System32\shlwapi.dll
0x00007ffca6ba0000 - 0x00007ffca6bc5000 	C:\WINDOWS\SYSTEM32\profapi.dll
0x00007ffc73470000 - 0x00007ffc73489000 	C:\Users\FPT\.vscode\extensions\redhat.java-1.26.0-win32-x64\jre\17.0.9-win32-x86_64\bin\net.dll
0x00007ffca05f0000 - 0x00007ffca0704000 	C:\WINDOWS\SYSTEM32\WINHTTP.dll
0x00007ffca6280000 - 0x00007ffca62e7000 	C:\WINDOWS\system32\mswsock.dll
0x00007ffc730f0000 - 0x00007ffc73106000 	C:\Users\FPT\.vscode\extensions\redhat.java-1.26.0-win32-x64\jre\17.0.9-win32-x86_64\bin\nio.dll
0x00007ffc7d120000 - 0x00007ffc7d130000 	c:\Users\FPT\.vscode\extensions\redhat.java-1.26.0-win32-x64\jre\17.0.9-win32-x86_64\bin\verify.dll
0x00007ffc62930000 - 0x00007ffc6296e000 	C:\Users\FPT\AppData\Roaming\Code\User\globalStorage\redhat.java\1.26.0\config_win\org.eclipse.equinox.launcher\org.eclipse.equinox.launcher.win32.win32.x86_64_1.2.800.v20231003-1442\eclipse_11802.dll
0x00007ffca9290000 - 0x00007ffca942a000 	C:\WINDOWS\System32\ole32.dll
0x00007ffca64c0000 - 0x00007ffca64d8000 	C:\WINDOWS\SYSTEM32\CRYPTSP.dll
0x00007ffca5cb0000 - 0x00007ffca5ce5000 	C:\WINDOWS\system32\rsaenh.dll
0x00007ffca6370000 - 0x00007ffca639c000 	C:\WINDOWS\SYSTEM32\USERENV.dll
0x00007ffca6640000 - 0x00007ffca6667000 	C:\WINDOWS\SYSTEM32\bcrypt.dll
0x00007ffca64e0000 - 0x00007ffca64ec000 	C:\WINDOWS\SYSTEM32\CRYPTBASE.dll
0x00007ffca57e0000 - 0x00007ffca580d000 	C:\WINDOWS\SYSTEM32\IPHLPAPI.DLL
0x00007ffca8410000 - 0x00007ffca8419000 	C:\WINDOWS\System32\NSI.dll
0x00007ffca1880000 - 0x00007ffca1899000 	C:\WINDOWS\SYSTEM32\dhcpcsvc6.DLL
0x00007ffca1910000 - 0x00007ffca192e000 	C:\WINDOWS\SYSTEM32\dhcpcsvc.DLL
0x00007ffca5810000 - 0x00007ffca58f7000 	C:\WINDOWS\SYSTEM32\DNSAPI.dll
0x00007ffc89a20000 - 0x00007ffc89a65000 	C:\Users\FPT\AppData\Local\Temp\jna--240261775\jna16687897574464586928.dll
0x00007ffca8680000 - 0x00007ffca8688000 	C:\WINDOWS\System32\PSAPI.DLL
0x00007ffc7b0c0000 - 0x00007ffc7b0ce000 	C:\Users\FPT\.vscode\extensions\redhat.java-1.26.0-win32-x64\jre\17.0.9-win32-x86_64\bin\sunmscapi.dll
0x00007ffca73f0000 - 0x00007ffca7552000 	C:\WINDOWS\System32\CRYPT32.dll
0x00007ffca6610000 - 0x00007ffca6638000 	C:\WINDOWS\SYSTEM32\ncrypt.dll
0x00007ffca65d0000 - 0x00007ffca6607000 	C:\WINDOWS\SYSTEM32\NTASN1.dll
0x00007ffc9c970000 - 0x00007ffc9c97a000 	C:\Windows\System32\rasadhlp.dll
0x00007ffc9c9e0000 - 0x00007ffc9ca61000 	C:\WINDOWS\System32\fwpuclnt.dll
0x00007ffc5fd60000 - 0x00007ffc5fd87000 	C:\Users\FPT\.gradle\native\68d5fa5c4cc2d200863cafc0d521ce42e7d3e7ee720ec0a83991735586a16f82\windows-amd64\native-platform.dll

dbghelp: loaded successfully - version: 4.0.5 - missing functions: none
symbol engine: initialized successfully - sym options: 0x614 - pdb path: .;c:\Users\FPT\.vscode\extensions\redhat.java-1.26.0-win32-x64\jre\17.0.9-win32-x86_64\bin;C:\WINDOWS\SYSTEM32;C:\WINDOWS\WinSxS\amd64_microsoft.windows.common-controls_6595b64144ccf1df_6.0.22000.120_none_9d947278b86cc467;c:\Users\FPT\.vscode\extensions\redhat.java-1.26.0-win32-x64\jre\17.0.9-win32-x86_64\bin\server;C:\Users\FPT\AppData\Roaming\Code\User\globalStorage\redhat.java\1.26.0\config_win\org.eclipse.equinox.launcher\org.eclipse.equinox.launcher.win32.win32.x86_64_1.2.800.v20231003-1442;C:\Users\FPT\AppData\Local\Temp\jna--240261775;C:\Users\FPT\.gradle\native\68d5fa5c4cc2d200863cafc0d521ce42e7d3e7ee720ec0a83991735586a16f82\windows-amd64

VM Arguments:
jvm_args: --add-modules=ALL-SYSTEM --add-opens=java.base/java.util=ALL-UNNAMED --add-opens=java.base/java.lang=ALL-UNNAMED --add-opens=java.base/sun.nio.fs=ALL-UNNAMED -Declipse.application=org.eclipse.jdt.ls.core.id1 -Dosgi.bundles.defaultStartLevel=4 -Declipse.product=org.eclipse.jdt.ls.core.product -Djava.import.generatesMetadataFilesAtProjectRoot=false -DDetectVMInstallationsJob.disabled=true -Dfile.encoding=utf8 -XX:+UseParallelGC -XX:GCTimeRatio=4 -XX:AdaptiveSizePolicyWeight=90 -Dsun.zip.disableMemoryMapping=true -Xmx1G -Xms100m -Xlog:disable -javaagent:c:\Users\FPT\.vscode\extensions\redhat.java-1.26.0-win32-x64\lombok\lombok-1.18.31-3454.jar -XX:+HeapDumpOnOutOfMemoryError -XX:HeapDumpPath=c:\Users\FPT\AppData\Roaming\Code\User\workspaceStorage\88892199327c2b0873270458b71ff8b7\redhat.java -Daether.dependencyCollector.impl=bf 
java_command: c:\Users\FPT\.vscode\extensions\redhat.java-1.26.0-win32-x64\server\plugins\org.eclipse.equinox.launcher_1.6.700.v20231214-2017.jar -configuration c:\Users\FPT\AppData\Roaming\Code\User\globalStorage\redhat.java\1.26.0\config_win -data c:\Users\FPT\AppData\Roaming\Code\User\workspaceStorage\88892199327c2b0873270458b71ff8b7\redhat.java\jdt_ws --stdio
java_class_path (initial): c:\Users\FPT\.vscode\extensions\redhat.java-1.26.0-win32-x64\server\plugins\org.eclipse.equinox.launcher_1.6.700.v20231214-2017.jar
Launcher Type: SUN_STANDARD

[Global flags]
    uintx AdaptiveSizePolicyWeight                 = 90                                        {product} {command line}
     intx CICompilerCount                          = 4                                         {product} {ergonomic}
    uintx GCTimeRatio                              = 4                                         {product} {command line}
     bool HeapDumpOnOutOfMemoryError               = true                                   {manageable} {command line}
    ccstr HeapDumpPath                             = c:\Users\FPT\AppData\Roaming\Code\User\workspaceStorage\88892199327c2b0873270458b71ff8b7\redhat.java         {manageable} {command line}
   size_t InitialHeapSize                          = 104857600                                 {product} {command line}
   size_t MaxHeapSize                              = 1073741824                                {product} {command line}
   size_t MaxNewSize                               = 357564416                                 {product} {ergonomic}
   size_t MinHeapDeltaBytes                        = 524288                                    {product} {ergonomic}
   size_t MinHeapSize                              = 104857600                                 {product} {command line}
   size_t NewSize                                  = 34603008                                  {product} {ergonomic}
    uintx NonNMethodCodeHeapSize                   = 5839372                                {pd product} {ergonomic}
    uintx NonProfiledCodeHeapSize                  = 122909434                              {pd product} {ergonomic}
   size_t OldSize                                  = 70254592                                  {product} {ergonomic}
    uintx ProfiledCodeHeapSize                     = 122909434                              {pd product} {ergonomic}
    uintx ReservedCodeCacheSize                    = 251658240                              {pd product} {ergonomic}
     bool SegmentedCodeCache                       = true                                      {product} {ergonomic}
   size_t SoftMaxHeapSize                          = 1073741824                             {manageable} {ergonomic}
     bool UseCompressedClassPointers               = true                           {product lp64_product} {ergonomic}
     bool UseCompressedOops                        = true                           {product lp64_product} {ergonomic}
     bool UseLargePagesIndividualAllocation        = false                                  {pd product} {ergonomic}
     bool UseParallelGC                            = true                                      {product} {command line}

Logging:
Log output configuration:
 #0: stdout all=off uptime,level,tags
 #1: stderr all=off uptime,level,tags

Environment Variables:
JAVA_HOME=C:\Program Files\Java\jdk-17
PATH=C:\Program Files\Common Files\Oracle\Java\javapath;C:\WINDOWS\system32;C:\WINDOWS;C:\WINDOWS\System32\Wbem;C:\WINDOWS\System32\WindowsPowerShell\v1.0\;C:\WINDOWS\System32\OpenSSH\;C:\Program Files\Git\cmd;C:\Program Files\Azure Data Studio\bin;C:\xampp\php;C:\ProgramData\ComposerSetup\bin;C:\Program Files\MySQL\MySQL Server 8.0\bin;C:\Users\FPT\AppData\Roaming\nvm;C:\Program Files\nodejs;C:\Program Files\nodejs\;C:\ProgramData\chocolatey\bin;;C:\Program Files\Docker\Docker\resources\bin;C:\Users\FPT\AppData\Local\Android\Sdk\platform-tools;C:\Program Files\MySQL\MySQL Shell 8.0\bin\;C:\Users\FPT\AppData\Local\Microsoft\WindowsApps;C:\Users\FPT\AppData\Local\Programs\Microsoft VS Code\bin;C:\Program Files\JetBrains\IntelliJ IDEA Community Edition 2022.1.1\bin;;C:\Program Files\Azure Data Studio\bin;C:\Users\FPT\AppData\Roaming\Composer\vendor\bin;D:\Intellij\IntelliJ IDEA 2023.1.3\bin;;C:\Users\FPT\AppData\Roaming\nvm;C:\Program Files\nodejs;C:\Users\FPT\AppData\Roaming\npm;
USERNAME=Nguy?n Vin
OS=Windows_NT
PROCESSOR_IDENTIFIER=Intel64 Family 6 Model 140 Stepping 1, GenuineIntel
TMP=C:\Users\FPT\AppData\Local\Temp
TEMP=C:\Users\FPT\AppData\Local\Temp



Periodic native trim disabled


---------------  S Y S T E M  ---------------

OS:
 Windows 11 , 64 bit Build 22000 (10.0.22000.2538)
OS uptime: 0 days 7:50 hours
Hyper-V role detected

CPU: total 8 (initial active 8) (4 cores per cpu, 2 threads per core) family 6 model 140 stepping 1 microcode 0xa4, cx8, cmov, fxsr, ht, mmx, 3dnowpref, sse, sse2, sse3, ssse3, sse4.1, sse4.2, popcnt, lzcnt, tsc, tscinvbit, avx, avx2, aes, erms, clmul, bmi1, bmi2, adx, avx512f, avx512dq, avx512cd, avx512bw, avx512vl, sha, fma, vzeroupper, avx512_vpopcntdq, avx512_vpclmulqdq, avx512_vaes, avx512_vnni, clflush, clflushopt, clwb, avx512_vbmi2, avx512_vbmi, hv
Processor Information for processor 0
  Max Mhz: 2419, Current Mhz: 2419, Mhz Limit: 2419
Processor Information for processor 1
  Max Mhz: 2419, Current Mhz: 1511, Mhz Limit: 2419
Processor Information for processor 2
  Max Mhz: 2419, Current Mhz: 2419, Mhz Limit: 2419
Processor Information for processor 3
  Max Mhz: 2419, Current Mhz: 2419, Mhz Limit: 2419
Processor Information for processor 4
  Max Mhz: 2419, Current Mhz: 2419, Mhz Limit: 2419
Processor Information for processor 5
  Max Mhz: 2419, Current Mhz: 2419, Mhz Limit: 2419
Processor Information for processor 6
  Max Mhz: 2419, Current Mhz: 1511, Mhz Limit: 2419
Processor Information for processor 7
  Max Mhz: 2419, Current Mhz: 2419, Mhz Limit: 2419

Memory: 4k page, system-wide physical 7957M (281M free)
TotalPageFile size 17780M (AvailPageFile size 3M)
current process WorkingSet (physical memory assigned to process): 223M, peak: 234M
current process commit charge ("private bytes"): 295M, peak: 313M

vm_info: OpenJDK 64-Bit Server VM (17.0.9+9) for windows-amd64 JRE (17.0.9+9), built on Oct 26 2023 14:01:42 by "admin" with MS VC++ 16.10 / 16.11 (VS2019)

END.
