#
# There is insufficient memory for the Java Runtime Environment to continue.
# Native memory allocation (malloc) failed to allocate 32744 bytes for ChunkPool::allocate
# Possible reasons:
#   The system is out of physical RAM or swap space
#   The process is running with CompressedOops enabled, and the Java Heap may be blocking the growth of the native heap
# Possible solutions:
#   Reduce memory load on the system
#   Increase physical memory or swap space
#   Check if swap backing store is full
#   Decrease Java heap size (-Xmx/-Xms)
#   Decrease number of Java threads
#   Decrease Java thread stack sizes (-Xss)
#   Set larger code cache with -XX:ReservedCodeCacheSize=
#   JVM is running with Unscaled Compressed Oops mode in which the Java heap is
#     placed in the first 4GB address space. The Java Heap base address is the
#     maximum limit for the native heap growth. Please use -XX:HeapBaseMinAddress
#     to set the Java Heap base and to place the Java Heap above 4GB virtual address.
# This output file may be truncated or incomplete.
#
#  Out of Memory Error (arena.cpp:79), pid=21844, tid=3628
#
# JRE version: OpenJDK Runtime Environment Temurin-17.0.9+9 (17.0.9+9) (build 17.0.9+9)
# Java VM: OpenJDK 64-Bit Server VM Temurin-17.0.9+9 (17.0.9+9, mixed mode, tiered, compressed oops, compressed class ptrs, parallel gc, windows-amd64)
# No core dump will be written. Minidumps are not enabled by default on client versions of Windows
#

---------------  S U M M A R Y ------------

Command Line: --add-modules=ALL-SYSTEM --add-opens=java.base/java.util=ALL-UNNAMED --add-opens=java.base/java.lang=ALL-UNNAMED --add-opens=java.base/sun.nio.fs=ALL-UNNAMED -Declipse.application=org.eclipse.jdt.ls.core.id1 -Dosgi.bundles.defaultStartLevel=4 -Declipse.product=org.eclipse.jdt.ls.core.product -Djava.import.generatesMetadataFilesAtProjectRoot=false -DDetectVMInstallationsJob.disabled=true -Dfile.encoding=utf8 -XX:+UseParallelGC -XX:GCTimeRatio=4 -XX:AdaptiveSizePolicyWeight=90 -Dsun.zip.disableMemoryMapping=true -Xmx1G -Xms100m -Xlog:disable -javaagent:c:\Users\FPT\.vscode\extensions\redhat.java-1.26.0-win32-x64\lombok\lombok-1.18.31-3454.jar c:\Users\FPT\.vscode\extensions\redhat.java-1.26.0-win32-x64\server\plugins\org.eclipse.equinox.launcher_1.6.700.v20231214-2017.jar -configuration c:\Users\FPT\AppData\Roaming\Code\User\globalStorage\redhat.java\1.26.0\config_ss_win -data c:\Users\FPT\AppData\Roaming\Code\User\workspaceStorage\88892199327c2b0873270458b71ff8b7\redhat.java\ss_ws --stdio

Host: 11th Gen Intel(R) Core(TM) i5-1135G7 @ 2.40GHz, 8 cores, 7G,  Windows 11 , 64 bit Build 22000 (10.0.22000.2538)
Time: Tue Jan 23 22:39:47 2024 SE Asia Standard Time elapsed time: 10.236958 seconds (0d 0h 0m 10s)

---------------  T H R E A D  ---------------

Current thread (0x000002255b6ca270):  JavaThread "C2 CompilerThread0" daemon [_thread_in_native, id=3628, stack(0x000000ea75300000,0x000000ea75400000)]


Current CompileTask:
C2:  10237 2287       4       org.lombokweb.asm.ClassReader::readMethod (1066 bytes)

Stack: [0x000000ea75300000,0x000000ea75400000]
Native frames: (J=compiled Java code, j=interpreted, Vv=VM code, C=native code)
V  [jvm.dll+0x67cf49]
V  [jvm.dll+0x83478a]
V  [jvm.dll+0x83624e]
V  [jvm.dll+0x8368b3]
V  [jvm.dll+0x247f1f]
V  [jvm.dll+0xac65c]
V  [jvm.dll+0xaca8c]
V  [jvm.dll+0x6089d0]
V  [jvm.dll+0x60e737]
V  [jvm.dll+0x60f5c2]
V  [jvm.dll+0x60db14]
V  [jvm.dll+0x21a428]
V  [jvm.dll+0x2199d1]
V  [jvm.dll+0x1a57cd]
V  [jvm.dll+0x2297ae]
V  [jvm.dll+0x22797c]
V  [jvm.dll+0x7e9877]
V  [jvm.dll+0x7e3c3a]
V  [jvm.dll+0x67be35]
C  [ucrtbase.dll+0x26c0c]
C  [KERNEL32.DLL+0x153e0]
C  [ntdll.dll+0x485b]


---------------  P R O C E S S  ---------------

Threads class SMR info:
_java_thread_list=0x000002255cd2d7a0, length=20, elements={
0x00000225424f4280, 0x000002255637fcc0, 0x0000022556385560, 0x000002255638a240,
0x000002255638ab10, 0x000002255638bb80, 0x000002255638cbf0, 0x000002255b6ca270,
0x000002255b6eab90, 0x000002255b6ebc40, 0x000002255b8218b0, 0x000002255c701b50,
0x000002255ce0bbe0, 0x000002255b8c3130, 0x000002255d0c82e0, 0x000002255b9cec00,
0x000002255c711990, 0x000002255c77c9a0, 0x000002255c77ceb0, 0x000002255c77e800
}

Java Threads: ( => current thread )
  0x00000225424f4280 JavaThread "main" [_thread_blocked, id=13532, stack(0x000000ea74a00000,0x000000ea74b00000)]
  0x000002255637fcc0 JavaThread "Reference Handler" daemon [_thread_blocked, id=3068, stack(0x000000ea74d00000,0x000000ea74e00000)]
  0x0000022556385560 JavaThread "Finalizer" daemon [_thread_blocked, id=23732, stack(0x000000ea74e00000,0x000000ea74f00000)]
  0x000002255638a240 JavaThread "Signal Dispatcher" daemon [_thread_blocked, id=22104, stack(0x000000ea74f00000,0x000000ea75000000)]
  0x000002255638ab10 JavaThread "Attach Listener" daemon [_thread_blocked, id=24280, stack(0x000000ea75000000,0x000000ea75100000)]
  0x000002255638bb80 JavaThread "Service Thread" daemon [_thread_blocked, id=24112, stack(0x000000ea75100000,0x000000ea75200000)]
  0x000002255638cbf0 JavaThread "Monitor Deflation Thread" daemon [_thread_blocked, id=24152, stack(0x000000ea75200000,0x000000ea75300000)]
=>0x000002255b6ca270 JavaThread "C2 CompilerThread0" daemon [_thread_in_native, id=3628, stack(0x000000ea75300000,0x000000ea75400000)]
  0x000002255b6eab90 JavaThread "C1 CompilerThread0" daemon [_thread_blocked, id=10072, stack(0x000000ea75400000,0x000000ea75500000)]
  0x000002255b6ebc40 JavaThread "Sweeper thread" daemon [_thread_blocked, id=6864, stack(0x000000ea75500000,0x000000ea75600000)]
  0x000002255b8218b0 JavaThread "Common-Cleaner" daemon [_thread_blocked, id=24284, stack(0x000000ea75600000,0x000000ea75700000)]
  0x000002255c701b50 JavaThread "Notification Thread" daemon [_thread_blocked, id=5624, stack(0x000000ea75800000,0x000000ea75900000)]
  0x000002255ce0bbe0 JavaThread "Active Thread: Equinox Container: d6796910-46e7-421a-88bb-439f677cc309" [_thread_blocked, id=9208, stack(0x000000ea76000000,0x000000ea76100000)]
  0x000002255b8c3130 JavaThread "Framework Event Dispatcher: Equinox Container: d6796910-46e7-421a-88bb-439f677cc309" daemon [_thread_blocked, id=13192, stack(0x000000ea75700000,0x000000ea75800000)]
  0x000002255d0c82e0 JavaThread "Start Level: Equinox Container: d6796910-46e7-421a-88bb-439f677cc309" daemon [_thread_in_native, id=3236, stack(0x000000ea76100000,0x000000ea76200000)]
  0x000002255b9cec00 JavaThread "SCR Component Actor" daemon [_thread_blocked, id=20356, stack(0x000000ea76200000,0x000000ea76300000)]
  0x000002255c711990 JavaThread "SCR Component Registry" daemon [_thread_blocked, id=7716, stack(0x000000ea76400000,0x000000ea76500000)]
  0x000002255c77c9a0 JavaThread "Worker-JM" [_thread_blocked, id=15528, stack(0x000000ea76500000,0x000000ea76600000)]
  0x000002255c77ceb0 JavaThread "Worker-0" [_thread_blocked, id=16804, stack(0x000000ea76600000,0x000000ea76700000)]
  0x000002255c77e800 JavaThread "Worker-1" [_thread_blocked, id=18136, stack(0x000000ea76700000,0x000000ea76800000)]

Other Threads:
  0x000002255637fa10 VMThread "VM Thread" [stack: 0x000000ea74c00000,0x000000ea74d00000] [id=9072]
  0x000002255ba3f200 WatcherThread [stack: 0x000000ea75900000,0x000000ea75a00000] [id=17564]
  0x0000022542509400 GCTaskThread "GC Thread#0" [stack: 0x000000ea74b00000,0x000000ea74c00000] [id=14320]
  0x000002255ccc8530 GCTaskThread "GC Thread#1" [stack: 0x000000ea75a00000,0x000000ea75b00000] [id=16244]
  0x000002255c81e880 GCTaskThread "GC Thread#2" [stack: 0x000000ea75b00000,0x000000ea75c00000] [id=21204]
  0x000002255ccd8d50 GCTaskThread "GC Thread#3" [stack: 0x000000ea75c00000,0x000000ea75d00000] [id=24052]
  0x000002255ccd9010 GCTaskThread "GC Thread#4" [stack: 0x000000ea75d00000,0x000000ea75e00000] [id=10388]
  0x000002255ce48830 GCTaskThread "GC Thread#5" [stack: 0x000000ea75e00000,0x000000ea75f00000] [id=24504]
  0x000002255ce48af0 GCTaskThread "GC Thread#6" [stack: 0x000000ea75f00000,0x000000ea76000000] [id=15968]
  0x000002255b8c3610 GCTaskThread "GC Thread#7" [stack: 0x000000ea76300000,0x000000ea76400000] [id=9492]

Threads with active compile tasks:
C2 CompilerThread0    10300 2287       4       org.lombokweb.asm.ClassReader::readMethod (1066 bytes)

VM state: not at safepoint (normal execution)

VM Mutex/Monitor currently owned by a thread: None

Heap address: 0x00000000c0000000, size: 1024 MB, Compressed Oops mode: 32-bit

CDS archive(s) not mapped
Compressed class space mapped at: 0x0000000100000000-0x0000000140000000, reserved size: 1073741824
Narrow klass base: 0x0000000000000000, Narrow klass shift: 3, Narrow klass range: 0x140000000

GC Precious Log:
 CPUs: 8 total, 8 available
 Memory: 7957M
 Large Page Support: Disabled
 NUMA Support: Disabled
 Compressed Oops: Enabled (32-bit)
 Alignments: Space 512K, Generation 512K, Heap 2M
 Heap Min Capacity: 100M
 Heap Initial Capacity: 100M
 Heap Max Capacity: 1G
 Pre-touch: Disabled
 Parallel Workers: 8

Heap:
 PSYoungGen      total 26112K, used 7804K [0x00000000eab00000, 0x00000000ec880000, 0x0000000100000000)
  eden space 25088K, 27% used [0x00000000eab00000,0x00000000eb1bc7b0,0x00000000ec380000)
  from space 1024K, 88% used [0x00000000ec400000,0x00000000ec4e2b28,0x00000000ec500000)
  to   space 2560K, 0% used [0x00000000ec600000,0x00000000ec600000,0x00000000ec880000)
 ParOldGen       total 68608K, used 6648K [0x00000000c0000000, 0x00000000c4300000, 0x00000000eab00000)
  object space 68608K, 9% used [0x00000000c0000000,0x00000000c067e098,0x00000000c4300000)
 Metaspace       used 25413K, committed 25920K, reserved 1114112K
  class space    used 2499K, committed 2752K, reserved 1048576K

Card table byte_map: [0x0000022541e90000,0x00000225420a0000] _byte_map_base: 0x0000022541890000

Marking Bits: (ParMarkBitMap*) 0x00007ffc4f4fd0b0
 Begin Bits: [0x0000022554190000, 0x0000022555190000)
 End Bits:   [0x0000022555190000, 0x0000022556190000)

Polling page: 0x0000022540450000

Metaspace:

Usage:
  Non-class:     22.38 MB used.
      Class:      2.44 MB used.
       Both:     24.82 MB used.

Virtual space:
  Non-class space:       64.00 MB reserved,      22.62 MB ( 35%) committed,  1 nodes.
      Class space:        1.00 GB reserved,       2.69 MB ( <1%) committed,  1 nodes.
             Both:        1.06 GB reserved,      25.31 MB (  2%) committed. 

Chunk freelists:
   Non-Class:  9.33 MB
       Class:  13.35 MB
        Both:  22.67 MB

MaxMetaspaceSize: unlimited
CompressedClassSpaceSize: 1.00 GB
Initial GC threshold: 21.00 MB
Current GC threshold: 35.00 MB
CDS: off
MetaspaceReclaimPolicy: balanced
 - commit_granule_bytes: 65536.
 - commit_granule_words: 8192.
 - virtual_space_node_default_size: 8388608.
 - enlarge_chunks_in_place: 1.
 - new_chunks_are_fully_committed: 0.
 - uncommit_free_chunks: 1.
 - use_allocation_guard: 0.
 - handle_deallocations: 1.


Internal statistics:

num_allocs_failed_limit: 3.
num_arena_births: 276.
num_arena_deaths: 14.
num_vsnodes_births: 2.
num_vsnodes_deaths: 0.
num_space_committed: 405.
num_space_uncommitted: 0.
num_chunks_returned_to_freelist: 17.
num_chunks_taken_from_freelist: 957.
num_chunk_merges: 8.
num_chunk_splits: 635.
num_chunks_enlarged: 438.
num_inconsistent_stats: 0.

CodeHeap 'non-profiled nmethods': size=120000Kb used=924Kb max_used=924Kb free=119075Kb
 bounds [0x000002254cc60000, 0x000002254ced0000, 0x0000022554190000]
CodeHeap 'profiled nmethods': size=120000Kb used=4425Kb max_used=4425Kb free=115575Kb
 bounds [0x0000022545190000, 0x00000225455f0000, 0x000002254c6c0000]
CodeHeap 'non-nmethods': size=5760Kb used=1236Kb max_used=1236Kb free=4523Kb
 bounds [0x000002254c6c0000, 0x000002254c930000, 0x000002254cc60000]
 total_blobs=2830 nmethods=2298 adapters=446
 compilation: enabled
              stopped_count=0, restarted_count=0
 full_count=0

Compilation events (20 events):
Event: 10.074 Thread 0x000002255b6eab90 2279       3       org.lombokweb.asm.MethodWriter::visitLineNumber (50 bytes)
Event: 10.074 Thread 0x000002255b6eab90 nmethod 2279 0x00000225455d8490 code [0x00000225455d8660, 0x00000225455d8a58]
Event: 10.074 Thread 0x000002255b6eab90 2283       3       org.lombokweb.asm.MethodVisitor::visitLineNumber (17 bytes)
Event: 10.075 Thread 0x000002255b6eab90 nmethod 2283 0x00000225455d8c10 code [0x00000225455d8dc0, 0x00000225455d8fc8]
Event: 10.075 Thread 0x000002255b6eab90 2284       3       org.lombokweb.asm.ClassReader::readVerificationTypeInfo (184 bytes)
Event: 10.076 Thread 0x000002255b6eab90 nmethod 2284 0x00000225455d9090 code [0x00000225455d93e0, 0x00000225455dac88]
Event: 10.076 Thread 0x000002255b6eab90 2289       3       java.util.ArrayDeque::circularClear (43 bytes)
Event: 10.076 Thread 0x000002255b6eab90 nmethod 2289 0x00000225455db510 code [0x00000225455db6e0, 0x00000225455dbad8]
Event: 10.076 Thread 0x000002255b6eab90 2285       3       org.lombokweb.asm.MethodWriter::putFrameType (83 bytes)
Event: 10.076 Thread 0x000002255b6eab90 nmethod 2285 0x00000225455dbc90 code [0x00000225455dbee0, 0x00000225455dc7b8]
Event: 10.076 Thread 0x000002255b6eab90 2288       3       java.util.ArrayDeque::clear (26 bytes)
Event: 10.076 Thread 0x000002255b6eab90 nmethod 2288 0x00000225455dca90 code [0x00000225455dcc20, 0x00000225455dcd88]
Event: 10.109 Thread 0x000002255b6eab90 2291       3       java.util.Arrays::hashCode (56 bytes)
Event: 10.109 Thread 0x000002255b6eab90 nmethod 2291 0x00000225455dce10 code [0x00000225455dcfc0, 0x00000225455dd328]
Event: 10.139 Thread 0x000002255b6eab90 2293       3       lombok.patcher.scripts.AddFieldScript$1::visitField (35 bytes)
Event: 10.140 Thread 0x000002255b6eab90 nmethod 2293 0x00000225455dd490 code [0x00000225455dd640, 0x00000225455dd8b8]
Event: 10.140 Thread 0x000002255b6eab90 2294       3       org.lombokweb.asm.SymbolTable::addConstantIntegerOrFloat (100 bytes)
Event: 10.140 Thread 0x000002255b6eab90 nmethod 2294 0x00000225455dda10 code [0x00000225455ddc20, 0x00000225455de178]
Event: 10.141 Thread 0x000002255b6eab90 2296       3       java.util.regex.Pattern$GroupTail::match (111 bytes)
Event: 10.142 Thread 0x000002255b6eab90 nmethod 2296 0x00000225455de410 code [0x00000225455de5e0, 0x00000225455de988]

GC Heap History (12 events):
Event: 1.128 GC heap before
{Heap before GC invocations=1 (full 0):
 PSYoungGen      total 29696K, used 25600K [0x00000000eab00000, 0x00000000ecc00000, 0x0000000100000000)
  eden space 25600K, 100% used [0x00000000eab00000,0x00000000ec400000,0x00000000ec400000)
  from space 4096K, 0% used [0x00000000ec800000,0x00000000ec800000,0x00000000ecc00000)
  to   space 4096K, 0% used [0x00000000ec400000,0x00000000ec400000,0x00000000ec800000)
 ParOldGen       total 68608K, used 0K [0x00000000c0000000, 0x00000000c4300000, 0x00000000eab00000)
  object space 68608K, 0% used [0x00000000c0000000,0x00000000c0000000,0x00000000c4300000)
 Metaspace       used 11017K, committed 11200K, reserved 1114112K
  class space    used 1099K, committed 1216K, reserved 1048576K
}
Event: 1.138 GC heap after
{Heap after GC invocations=1 (full 0):
 PSYoungGen      total 29696K, used 3156K [0x00000000eab00000, 0x00000000ecc00000, 0x0000000100000000)
  eden space 25600K, 0% used [0x00000000eab00000,0x00000000eab00000,0x00000000ec400000)
  from space 4096K, 77% used [0x00000000ec400000,0x00000000ec715060,0x00000000ec800000)
  to   space 4096K, 0% used [0x00000000ec800000,0x00000000ec800000,0x00000000ecc00000)
 ParOldGen       total 68608K, used 16K [0x00000000c0000000, 0x00000000c4300000, 0x00000000eab00000)
  object space 68608K, 0% used [0x00000000c0000000,0x00000000c0004000,0x00000000c4300000)
 Metaspace       used 11017K, committed 11200K, reserved 1114112K
  class space    used 1099K, committed 1216K, reserved 1048576K
}
Event: 8.840 GC heap before
{Heap before GC invocations=2 (full 0):
 PSYoungGen      total 29696K, used 28756K [0x00000000eab00000, 0x00000000ecc00000, 0x0000000100000000)
  eden space 25600K, 100% used [0x00000000eab00000,0x00000000ec400000,0x00000000ec400000)
  from space 4096K, 77% used [0x00000000ec400000,0x00000000ec715060,0x00000000ec800000)
  to   space 4096K, 0% used [0x00000000ec800000,0x00000000ec800000,0x00000000ecc00000)
 ParOldGen       total 68608K, used 16K [0x00000000c0000000, 0x00000000c4300000, 0x00000000eab00000)
  object space 68608K, 0% used [0x00000000c0000000,0x00000000c0004000,0x00000000c4300000)
 Metaspace       used 15111K, committed 15360K, reserved 1114112K
  class space    used 1533K, committed 1664K, reserved 1048576K
}
Event: 8.845 GC heap after
{Heap after GC invocations=2 (full 0):
 PSYoungGen      total 29696K, used 4073K [0x00000000eab00000, 0x00000000ecc00000, 0x0000000100000000)
  eden space 25600K, 0% used [0x00000000eab00000,0x00000000eab00000,0x00000000ec400000)
  from space 4096K, 99% used [0x00000000ec800000,0x00000000ecbfa570,0x00000000ecc00000)
  to   space 4096K, 0% used [0x00000000ec400000,0x00000000ec400000,0x00000000ec800000)
 ParOldGen       total 68608K, used 763K [0x00000000c0000000, 0x00000000c4300000, 0x00000000eab00000)
  object space 68608K, 1% used [0x00000000c0000000,0x00000000c00befe8,0x00000000c4300000)
 Metaspace       used 15111K, committed 15360K, reserved 1114112K
  class space    used 1533K, committed 1664K, reserved 1048576K
}
Event: 9.567 GC heap before
{Heap before GC invocations=3 (full 0):
 PSYoungGen      total 29696K, used 29673K [0x00000000eab00000, 0x00000000ecc00000, 0x0000000100000000)
  eden space 25600K, 100% used [0x00000000eab00000,0x00000000ec400000,0x00000000ec400000)
  from space 4096K, 99% used [0x00000000ec800000,0x00000000ecbfa570,0x00000000ecc00000)
  to   space 4096K, 0% used [0x00000000ec400000,0x00000000ec400000,0x00000000ec800000)
 ParOldGen       total 68608K, used 763K [0x00000000c0000000, 0x00000000c4300000, 0x00000000eab00000)
  object space 68608K, 1% used [0x00000000c0000000,0x00000000c00befe8,0x00000000c4300000)
 Metaspace       used 20114K, committed 20480K, reserved 1114112K
  class space    used 2059K, committed 2240K, reserved 1048576K
}
Event: 9.572 GC heap after
{Heap after GC invocations=3 (full 0):
 PSYoungGen      total 29696K, used 4072K [0x00000000eab00000, 0x00000000ecc00000, 0x0000000100000000)
  eden space 25600K, 0% used [0x00000000eab00000,0x00000000eab00000,0x00000000ec400000)
  from space 4096K, 99% used [0x00000000ec400000,0x00000000ec7fa2f0,0x00000000ec800000)
  to   space 4096K, 0% used [0x00000000ec800000,0x00000000ec800000,0x00000000ecc00000)
 ParOldGen       total 68608K, used 2548K [0x00000000c0000000, 0x00000000c4300000, 0x00000000eab00000)
  object space 68608K, 3% used [0x00000000c0000000,0x00000000c027d250,0x00000000c4300000)
 Metaspace       used 20114K, committed 20480K, reserved 1114112K
  class space    used 2059K, committed 2240K, reserved 1048576K
}
Event: 9.708 GC heap before
{Heap before GC invocations=4 (full 0):
 PSYoungGen      total 29696K, used 9996K [0x00000000eab00000, 0x00000000ecc00000, 0x0000000100000000)
  eden space 25600K, 23% used [0x00000000eab00000,0x00000000eb0c9098,0x00000000ec400000)
  from space 4096K, 99% used [0x00000000ec400000,0x00000000ec7fa2f0,0x00000000ec800000)
  to   space 4096K, 0% used [0x00000000ec800000,0x00000000ec800000,0x00000000ecc00000)
 ParOldGen       total 68608K, used 2548K [0x00000000c0000000, 0x00000000c4300000, 0x00000000eab00000)
  object space 68608K, 3% used [0x00000000c0000000,0x00000000c027d250,0x00000000c4300000)
 Metaspace       used 21085K, committed 21504K, reserved 1114112K
  class space    used 2165K, committed 2432K, reserved 1048576K
}
Event: 9.711 GC heap after
{Heap after GC invocations=4 (full 0):
 PSYoungGen      total 29696K, used 4089K [0x00000000eab00000, 0x00000000ecc00000, 0x0000000100000000)
  eden space 25600K, 0% used [0x00000000eab00000,0x00000000eab00000,0x00000000ec400000)
  from space 4096K, 99% used [0x00000000ec800000,0x00000000ecbfe7f8,0x00000000ecc00000)
  to   space 4096K, 0% used [0x00000000ec400000,0x00000000ec400000,0x00000000ec800000)
 ParOldGen       total 68608K, used 2700K [0x00000000c0000000, 0x00000000c4300000, 0x00000000eab00000)
  object space 68608K, 3% used [0x00000000c0000000,0x00000000c02a3260,0x00000000c4300000)
 Metaspace       used 21085K, committed 21504K, reserved 1114112K
  class space    used 2165K, committed 2432K, reserved 1048576K
}
Event: 9.711 GC heap before
{Heap before GC invocations=5 (full 1):
 PSYoungGen      total 29696K, used 4089K [0x00000000eab00000, 0x00000000ecc00000, 0x0000000100000000)
  eden space 25600K, 0% used [0x00000000eab00000,0x00000000eab00000,0x00000000ec400000)
  from space 4096K, 99% used [0x00000000ec800000,0x00000000ecbfe7f8,0x00000000ecc00000)
  to   space 4096K, 0% used [0x00000000ec400000,0x00000000ec400000,0x00000000ec800000)
 ParOldGen       total 68608K, used 2700K [0x00000000c0000000, 0x00000000c4300000, 0x00000000eab00000)
  object space 68608K, 3% used [0x00000000c0000000,0x00000000c02a3260,0x00000000c4300000)
 Metaspace       used 21085K, committed 21504K, reserved 1114112K
  class space    used 2165K, committed 2432K, reserved 1048576K
}
Event: 9.734 GC heap after
{Heap after GC invocations=5 (full 1):
 PSYoungGen      total 29696K, used 0K [0x00000000eab00000, 0x00000000ecc00000, 0x0000000100000000)
  eden space 25600K, 0% used [0x00000000eab00000,0x00000000eab00000,0x00000000ec400000)
  from space 4096K, 0% used [0x00000000ec800000,0x00000000ec800000,0x00000000ecc00000)
  to   space 4096K, 0% used [0x00000000ec400000,0x00000000ec400000,0x00000000ec800000)
 ParOldGen       total 68608K, used 6640K [0x00000000c0000000, 0x00000000c4300000, 0x00000000eab00000)
  object space 68608K, 9% used [0x00000000c0000000,0x00000000c067c098,0x00000000c4300000)
 Metaspace       used 21072K, committed 21504K, reserved 1114112K
  class space    used 2161K, committed 2432K, reserved 1048576K
}
Event: 10.071 GC heap before
{Heap before GC invocations=6 (full 1):
 PSYoungGen      total 29696K, used 25600K [0x00000000eab00000, 0x00000000ecc00000, 0x0000000100000000)
  eden space 25600K, 100% used [0x00000000eab00000,0x00000000ec400000,0x00000000ec400000)
  from space 4096K, 0% used [0x00000000ec800000,0x00000000ec800000,0x00000000ecc00000)
  to   space 4096K, 0% used [0x00000000ec400000,0x00000000ec400000,0x00000000ec800000)
 ParOldGen       total 68608K, used 6640K [0x00000000c0000000, 0x00000000c4300000, 0x00000000eab00000)
  object space 68608K, 9% used [0x00000000c0000000,0x00000000c067c098,0x00000000c4300000)
 Metaspace       used 24177K, committed 24704K, reserved 1114112K
  class space    used 2371K, committed 2624K, reserved 1048576K
}
Event: 10.072 GC heap after
{Heap after GC invocations=6 (full 1):
 PSYoungGen      total 26112K, used 906K [0x00000000eab00000, 0x00000000ec880000, 0x0000000100000000)
  eden space 25088K, 0% used [0x00000000eab00000,0x00000000eab00000,0x00000000ec380000)
  from space 1024K, 88% used [0x00000000ec400000,0x00000000ec4e2b28,0x00000000ec500000)
  to   space 2560K, 0% used [0x00000000ec600000,0x00000000ec600000,0x00000000ec880000)
 ParOldGen       total 68608K, used 6648K [0x00000000c0000000, 0x00000000c4300000, 0x00000000eab00000)
  object space 68608K, 9% used [0x00000000c0000000,0x00000000c067e098,0x00000000c4300000)
 Metaspace       used 24177K, committed 24704K, reserved 1114112K
  class space    used 2371K, committed 2624K, reserved 1048576K
}

Dll operation events (9 events):
Event: 0.038 Loaded shared library c:\Users\FPT\.vscode\extensions\redhat.java-1.26.0-win32-x64\jre\17.0.9-win32-x86_64\bin\java.dll
Event: 0.184 Loaded shared library c:\Users\FPT\.vscode\extensions\redhat.java-1.26.0-win32-x64\jre\17.0.9-win32-x86_64\bin\zip.dll
Event: 0.190 Loaded shared library C:\Users\FPT\.vscode\extensions\redhat.java-1.26.0-win32-x64\jre\17.0.9-win32-x86_64\bin\instrument.dll
Event: 0.209 Loaded shared library C:\Users\FPT\.vscode\extensions\redhat.java-1.26.0-win32-x64\jre\17.0.9-win32-x86_64\bin\net.dll
Event: 0.211 Loaded shared library C:\Users\FPT\.vscode\extensions\redhat.java-1.26.0-win32-x64\jre\17.0.9-win32-x86_64\bin\nio.dll
Event: 0.225 Loaded shared library C:\Users\FPT\.vscode\extensions\redhat.java-1.26.0-win32-x64\jre\17.0.9-win32-x86_64\bin\zip.dll
Event: 0.246 Loaded shared library C:\Users\FPT\.vscode\extensions\redhat.java-1.26.0-win32-x64\jre\17.0.9-win32-x86_64\bin\jimage.dll
Event: 0.329 Loaded shared library c:\Users\FPT\.vscode\extensions\redhat.java-1.26.0-win32-x64\jre\17.0.9-win32-x86_64\bin\verify.dll
Event: 8.659 Loaded shared library C:\Users\FPT\AppData\Roaming\Code\User\globalStorage\redhat.java\1.26.0\config_ss_win\org.eclipse.equinox.launcher\org.eclipse.equinox.launcher.win32.win32.x86_64_1.2.800.v20231003-1442\eclipse_11802.dll

Deoptimization events (20 events):
Event: 9.260 Thread 0x000002255d0c82e0 Uncommon trap: trap_request=0xffffffc6 fr.pc=0x000002254cd16d38 relative=0x0000000000000d18
Event: 9.260 Thread 0x000002255d0c82e0 Uncommon trap: reason=bimorphic_or_optimized_type_check action=maybe_recompile pc=0x000002254cd16d38 method=java.io.DataInputStream.readInt()I @ 11 c2
Event: 9.260 Thread 0x000002255d0c82e0 DEOPT PACKING pc=0x000002254cd16d38 sp=0x000000ea761f8a50
Event: 9.260 Thread 0x000002255d0c82e0 DEOPT UNPACKING pc=0x000002254c719ea3 sp=0x000000ea761f8a08 mode 2
Event: 9.260 Thread 0x000002255d0c82e0 Uncommon trap: trap_request=0xffffffc6 fr.pc=0x000002254cd16d38 relative=0x0000000000000d18
Event: 9.260 Thread 0x000002255d0c82e0 Uncommon trap: reason=bimorphic_or_optimized_type_check action=maybe_recompile pc=0x000002254cd16d38 method=java.io.DataInputStream.readInt()I @ 11 c2
Event: 9.260 Thread 0x000002255d0c82e0 DEOPT PACKING pc=0x000002254cd16d38 sp=0x000000ea761f89e0
Event: 9.260 Thread 0x000002255d0c82e0 DEOPT UNPACKING pc=0x000002254c719ea3 sp=0x000000ea761f8998 mode 2
Event: 9.356 Thread 0x000002255d0c82e0 Uncommon trap: trap_request=0xffffff45 fr.pc=0x000002254cc9ea18 relative=0x0000000000000e78
Event: 9.356 Thread 0x000002255d0c82e0 Uncommon trap: reason=unstable_if action=reinterpret pc=0x000002254cc9ea18 method=lombok.patcher.PatchScript.classMatches(Ljava/lang/String;Ljava/util/Collection;)Z @ 25 c2
Event: 9.356 Thread 0x000002255d0c82e0 DEOPT PACKING pc=0x000002254cc9ea18 sp=0x000000ea761f6fb0
Event: 9.356 Thread 0x000002255d0c82e0 DEOPT UNPACKING pc=0x000002254c719ea3 sp=0x000000ea761f6f70 mode 2
Event: 9.434 Thread 0x000002255d0c82e0 Uncommon trap: trap_request=0xffffff45 fr.pc=0x000002254cd247b0 relative=0x0000000000001010
Event: 9.434 Thread 0x000002255d0c82e0 Uncommon trap: reason=unstable_if action=reinterpret pc=0x000002254cd247b0 method=java.util.Properties.loadConvert([CIILjava/lang/StringBuilder;)Ljava/lang/String; @ 491 c2
Event: 9.434 Thread 0x000002255d0c82e0 DEOPT PACKING pc=0x000002254cd247b0 sp=0x000000ea761f7cd0
Event: 9.434 Thread 0x000002255d0c82e0 DEOPT UNPACKING pc=0x000002254c719ea3 sp=0x000000ea761f7cb0 mode 2
Event: 9.601 Thread 0x000002255d0c82e0 Uncommon trap: trap_request=0xffffff45 fr.pc=0x000002254ccfbfc0 relative=0x0000000000000040
Event: 9.601 Thread 0x000002255d0c82e0 Uncommon trap: reason=unstable_if action=reinterpret pc=0x000002254ccfbfc0 method=sun.nio.fs.WindowsPathParser.isSlash(C)Z @ 9 c2
Event: 9.601 Thread 0x000002255d0c82e0 DEOPT PACKING pc=0x000002254ccfbfc0 sp=0x000000ea761f9340
Event: 9.601 Thread 0x000002255d0c82e0 DEOPT UNPACKING pc=0x000002254c719ea3 sp=0x000000ea761f92c8 mode 2

Classes unloaded (7 events):
Event: 9.714 Thread 0x000002255637fa10 Unloading class 0x000000010021a400 'java/lang/invoke/LambdaForm$MH+0x000000010021a400'
Event: 9.714 Thread 0x000002255637fa10 Unloading class 0x000000010021a000 'java/lang/invoke/LambdaForm$MH+0x000000010021a000'
Event: 9.714 Thread 0x000002255637fa10 Unloading class 0x0000000100219c00 'java/lang/invoke/LambdaForm$MH+0x0000000100219c00'
Event: 9.714 Thread 0x000002255637fa10 Unloading class 0x0000000100219800 'java/lang/invoke/LambdaForm$MH+0x0000000100219800'
Event: 9.714 Thread 0x000002255637fa10 Unloading class 0x0000000100219400 'java/lang/invoke/LambdaForm$BMH+0x0000000100219400'
Event: 9.714 Thread 0x000002255637fa10 Unloading class 0x0000000100219000 'java/lang/invoke/LambdaForm$DMH+0x0000000100219000'
Event: 9.714 Thread 0x000002255637fa10 Unloading class 0x0000000100210400 'java/lang/invoke/LambdaForm$DMH+0x0000000100210400'

Classes redefined (0 events):
No events

Internal exceptions (20 events):
Event: 9.374 Thread 0x000002255d0c82e0 Exception <a 'java/lang/NoSuchMethodError'{0x00000000ebe02bd8}: 'int java.lang.invoke.DirectMethodHandle$Holder.invokeSpecial(java.lang.Object, java.lang.Object, java.lang.Object)'> (0x00000000ebe02bd8) 
thrown [s\src\hotspot\share\interpreter\linkResolver.cpp, line 759]
Event: 9.375 Thread 0x000002255d0c82e0 Exception <a 'java/lang/NoSuchMethodError'{0x00000000ebe14530}: 'int java.lang.invoke.DirectMethodHandle$Holder.invokeStatic(java.lang.Object, java.lang.Object, int)'> (0x00000000ebe14530) 
thrown [s\src\hotspot\share\interpreter\linkResolver.cpp, line 759]
Event: 9.376 Thread 0x000002255d0c82e0 Exception <a 'java/lang/NoSuchMethodError'{0x00000000ebe18558}: 'int java.lang.invoke.DirectMethodHandle$Holder.invokeSpecial(java.lang.Object, java.lang.Object, java.lang.Object, int)'> (0x00000000ebe18558) 
thrown [s\src\hotspot\share\interpreter\linkResolver.cpp, line 759]
Event: 9.377 Thread 0x000002255d0c82e0 Exception <a 'java/lang/NoSuchMethodError'{0x00000000ebe342f8}: 'java.lang.Object java.lang.invoke.DirectMethodHandle$Holder.invokeStatic(java.lang.Object, java.lang.Object, java.lang.Object, java.lang.Object, int)'> (0x00000000ebe342f8) 
thrown [s\src\hotspot\share\interpreter\linkResolver.cpp, line 759]
Event: 9.378 Thread 0x000002255d0c82e0 Exception <a 'java/lang/NoSuchMethodError'{0x00000000ebe405a8}: 'java.lang.Object java.lang.invoke.DelegatingMethodHandle$Holder.reinvoke_L(java.lang.Object, java.lang.Object, java.lang.Object, java.lang.Object, int, int)'> (0x00000000ebe405a8) 
thrown [s\src\hotspot\share\interpreter\linkResolver.cpp, line 759]
Event: 9.381 Thread 0x000002255d0c82e0 Exception <a 'java/lang/NoSuchMethodError'{0x00000000ebe54b78}: 'java.lang.Object java.lang.invoke.Invokers$Holder.invokeExact_MT(java.lang.Object, java.lang.Object, java.lang.Object, java.lang.Object)'> (0x00000000ebe54b78) 
thrown [s\src\hotspot\share\interpreter\linkResolver.cpp, line 759]
Event: 9.446 Thread 0x000002255d0c82e0 Exception <a 'java/io/FileNotFoundException'{0x00000000ec0d2b60}> (0x00000000ec0d2b60) 
thrown [s\src\hotspot\share\prims\jni.cpp, line 516]
Event: 9.531 Thread 0x000002255d0c82e0 Exception <a 'java/lang/NoSuchMethodError'{0x00000000ec35d8e0}: 'java.lang.Object java.lang.invoke.DirectMethodHandle$Holder.newInvokeSpecial(java.lang.Object, java.lang.Object, java.lang.Object, java.lang.Object, java.lang.Object)'> (0x00000000ec35d8e0) 
thrown [s\src\hotspot\share\interpreter\linkResolver.cpp, line 759]
Event: 9.662 Thread 0x000002255d0c82e0 Exception <a 'java/lang/NoSuchMethodError'{0x00000000eadcf970}: 'java.lang.Object java.lang.invoke.DirectMethodHandle$Holder.invokeSpecial(java.lang.Object, java.lang.Object, java.lang.Object, long, java.lang.Object)'> (0x00000000eadcf970) 
thrown [s\src\hotspot\share\interpreter\linkResolver.cpp, line 759]
Event: 9.663 Thread 0x000002255d0c82e0 Exception <a 'java/lang/NoSuchMethodError'{0x00000000eadd7b28}: 'java.lang.Object java.lang.invoke.DirectMethodHandle$Holder.newInvokeSpecial(java.lang.Object, java.lang.Object, java.lang.Object, long)'> (0x00000000eadd7b28) 
thrown [s\src\hotspot\share\interpreter\linkResolver.cpp, line 759]
Event: 9.663 Thread 0x000002255d0c82e0 Exception <a 'java/lang/NoSuchMethodError'{0x00000000eaddc0c8}: 'java.lang.Object java.lang.invoke.DirectMethodHandle$Holder.invokeSpecial(java.lang.Object, java.lang.Object, java.lang.Object, java.lang.Object, long)'> (0x00000000eaddc0c8) 
thrown [s\src\hotspot\share\interpreter\linkResolver.cpp, line 759]
Event: 9.664 Thread 0x000002255d0c82e0 Exception <a 'java/lang/NoSuchMethodError'{0x00000000eaddff40}: 'java.lang.Object java.lang.invoke.Invokers$Holder.linkToTargetMethod(java.lang.Object, java.lang.Object, long, java.lang.Object)'> (0x00000000eaddff40) 
thrown [s\src\hotspot\share\interpreter\linkResolver.cpp, line 759]
Event: 9.673 Thread 0x000002255d0c82e0 Exception <a 'java/lang/NoSuchMethodError'{0x00000000eae77b18}: 'int java.lang.invoke.DirectMethodHandle$Holder.invokeStaticInit(java.lang.Object, java.lang.Object, java.lang.Object)'> (0x00000000eae77b18) 
thrown [s\src\hotspot\share\interpreter\linkResolver.cpp, line 759]
Event: 9.678 Thread 0x000002255d0c82e0 Exception <a 'java/lang/IncompatibleClassChangeError'{0x00000000eaee0760}: Found class java.lang.Object, but interface was expected> (0x00000000eaee0760) 
thrown [s\src\hotspot\share\interpreter\linkResolver.cpp, line 826]
Event: 9.683 Thread 0x000002255d0c82e0 Exception <a 'java/lang/NoSuchMethodError'{0x00000000eaefa0e8}: 'java.lang.Object java.lang.invoke.DirectMethodHandle$Holder.invokeSpecial(java.lang.Object, java.lang.Object, java.lang.Object, int, java.lang.Object, java.lang.Object)'> (0x00000000eaefa0e8) 
thrown [s\src\hotspot\share\interpreter\linkResolver.cpp, line 759]
Event: 9.684 Thread 0x000002255d0c82e0 Exception <a 'java/lang/NoSuchMethodError'{0x00000000eaf02870}: 'java.lang.Object java.lang.invoke.DirectMethodHandle$Holder.newInvokeSpecial(java.lang.Object, java.lang.Object, java.lang.Object, int, java.lang.Object)'> (0x00000000eaf02870) 
thrown [s\src\hotspot\share\interpreter\linkResolver.cpp, line 759]
Event: 9.684 Thread 0x000002255d0c82e0 Exception <a 'java/lang/NoSuchMethodError'{0x00000000eaf06f20}: 'java.lang.Object java.lang.invoke.DirectMethodHandle$Holder.invokeSpecial(java.lang.Object, java.lang.Object, java.lang.Object, java.lang.Object, int, java.lang.Object)'> (0x00000000eaf06f20) 
thrown [s\src\hotspot\share\interpreter\linkResolver.cpp, line 759]
Event: 9.685 Thread 0x000002255c77ceb0 Exception <a 'java/lang/NoSuchMethodError'{0x00000000eae4f030}: 'java.lang.Object java.lang.invoke.DirectMethodHandle$Holder.invokeSpecial(java.lang.Object, java.lang.Object, int, java.lang.Object, java.lang.Object)'> (0x00000000eae4f030) 
thrown [s\src\hotspot\share\interpreter\linkResolver.cpp, line 759]
Event: 9.685 Thread 0x000002255c77ceb0 Exception <a 'java/lang/NoSuchMethodError'{0x00000000eae56700}: 'java.lang.Object java.lang.invoke.DirectMethodHandle$Holder.newInvokeSpecial(java.lang.Object, java.lang.Object, int, java.lang.Object)'> (0x00000000eae56700) 
thrown [s\src\hotspot\share\interpreter\linkResolver.cpp, line 759]
Event: 9.686 Thread 0x000002255c77ceb0 Exception <a 'java/lang/NoSuchMethodError'{0x00000000eae5a210}: 'java.lang.Object java.lang.invoke.DirectMethodHandle$Holder.invokeSpecial(java.lang.Object, java.lang.Object, java.lang.Object, int, java.lang.Object)'> (0x00000000eae5a210) 
thrown [s\src\hotspot\share\interpreter\linkResolver.cpp, line 759]

VM Operations (20 events):
Event: 2.577 Executing VM operation: Cleanup
Event: 2.578 Executing VM operation: Cleanup done
Event: 8.762 Executing VM operation: HandshakeAllThreads
Event: 8.762 Executing VM operation: HandshakeAllThreads done
Event: 8.762 Executing VM operation: Cleanup
Event: 8.762 Executing VM operation: Cleanup done
Event: 8.840 Executing VM operation: ParallelGCFailedAllocation
Event: 8.846 Executing VM operation: ParallelGCFailedAllocation done
Event: 9.261 Executing VM operation: HandshakeAllThreads
Event: 9.261 Executing VM operation: HandshakeAllThreads done
Event: 9.372 Executing VM operation: HandshakeAllThreads
Event: 9.372 Executing VM operation: HandshakeAllThreads done
Event: 9.567 Executing VM operation: ParallelGCFailedAllocation
Event: 9.573 Executing VM operation: ParallelGCFailedAllocation done
Event: 9.694 Executing VM operation: HandshakeAllThreads
Event: 9.694 Executing VM operation: HandshakeAllThreads done
Event: 9.708 Executing VM operation: CollectForMetadataAllocation
Event: 9.734 Executing VM operation: CollectForMetadataAllocation done
Event: 10.071 Executing VM operation: ParallelGCFailedAllocation
Event: 10.072 Executing VM operation: ParallelGCFailedAllocation done

Events (20 events):
Event: 9.794 loading class java/util/zip/GZIPInputStream
Event: 9.795 loading class java/util/zip/GZIPInputStream done
Event: 9.805 loading class java/io/StringReader
Event: 9.805 loading class java/io/StringReader done
Event: 9.821 loading class java/net/SocketTimeoutException
Event: 9.821 loading class java/io/InterruptedIOException
Event: 9.821 loading class java/io/InterruptedIOException done
Event: 9.821 loading class java/net/SocketTimeoutException done
Event: 9.821 loading class java/net/SocketException
Event: 9.821 loading class java/net/SocketException done
Event: 9.821 loading class java/net/UnknownHostException
Event: 9.821 loading class java/net/UnknownHostException done
Event: 9.821 loading class java/net/ProtocolException
Event: 9.821 loading class java/net/ProtocolException done
Event: 9.842 loading class java/lang/ThreadLocal$SuppliedThreadLocal
Event: 9.842 loading class java/lang/ThreadLocal$SuppliedThreadLocal done
Event: 9.917 loading class java/io/FileWriter
Event: 9.917 loading class java/io/FileWriter done
Event: 9.920 loading class java/lang/NegativeArraySizeException
Event: 9.920 loading class java/lang/NegativeArraySizeException done


Dynamic libraries:
0x00007ff774a80000 - 0x00007ff774a8e000 	c:\Users\FPT\.vscode\extensions\redhat.java-1.26.0-win32-x64\jre\17.0.9-win32-x86_64\bin\java.exe
0x00007ffca97e0000 - 0x00007ffca99e9000 	C:\WINDOWS\SYSTEM32\ntdll.dll
0x00007ffca8420000 - 0x00007ffca84dd000 	C:\WINDOWS\System32\KERNEL32.DLL
0x00007ffca7060000 - 0x00007ffca73e4000 	C:\WINDOWS\System32\KERNELBASE.dll
0x00007ffca6db0000 - 0x00007ffca6ec1000 	C:\WINDOWS\System32\ucrtbase.dll
0x00007ffc7d270000 - 0x00007ffc7d28b000 	c:\Users\FPT\.vscode\extensions\redhat.java-1.26.0-win32-x64\jre\17.0.9-win32-x86_64\bin\VCRUNTIME140.dll
0x00007ffc7d130000 - 0x00007ffc7d147000 	c:\Users\FPT\.vscode\extensions\redhat.java-1.26.0-win32-x64\jre\17.0.9-win32-x86_64\bin\jli.dll
0x00007ffca8f00000 - 0x00007ffca90ad000 	C:\WINDOWS\System32\USER32.dll
0x00007ffc879c0000 - 0x00007ffc87c65000 	C:\WINDOWS\WinSxS\amd64_microsoft.windows.common-controls_6595b64144ccf1df_6.0.22000.120_none_9d947278b86cc467\COMCTL32.dll
0x00007ffca7560000 - 0x00007ffca7586000 	C:\WINDOWS\System32\win32u.dll
0x00007ffca84f0000 - 0x00007ffca8593000 	C:\WINDOWS\System32\msvcrt.dll
0x00007ffca8700000 - 0x00007ffca872a000 	C:\WINDOWS\System32\GDI32.dll
0x00007ffca6f40000 - 0x00007ffca705e000 	C:\WINDOWS\System32\gdi32full.dll
0x00007ffca7590000 - 0x00007ffca762d000 	C:\WINDOWS\System32\msvcp_win.dll
0x00007ffca7a10000 - 0x00007ffca7a41000 	C:\WINDOWS\System32\IMM32.DLL
0x00007ffca2400000 - 0x00007ffca240c000 	c:\Users\FPT\.vscode\extensions\redhat.java-1.26.0-win32-x64\jre\17.0.9-win32-x86_64\bin\vcruntime140_1.dll
0x00007ffc67160000 - 0x00007ffc671ed000 	c:\Users\FPT\.vscode\extensions\redhat.java-1.26.0-win32-x64\jre\17.0.9-win32-x86_64\bin\msvcp140.dll
0x00007ffc4e960000 - 0x00007ffc4f5c1000 	c:\Users\FPT\.vscode\extensions\redhat.java-1.26.0-win32-x64\jre\17.0.9-win32-x86_64\bin\server\jvm.dll
0x00007ffca8360000 - 0x00007ffca840e000 	C:\WINDOWS\System32\ADVAPI32.dll
0x00007ffca9430000 - 0x00007ffca94ce000 	C:\WINDOWS\System32\sechost.dll
0x00007ffca95c0000 - 0x00007ffca96e1000 	C:\WINDOWS\System32\RPCRT4.dll
0x00007ffca6010000 - 0x00007ffca605d000 	C:\WINDOWS\SYSTEM32\POWRPROF.dll
0x00007ffc9ea70000 - 0x00007ffc9eaa3000 	C:\WINDOWS\SYSTEM32\WINMM.dll
0x00007ffc822f0000 - 0x00007ffc822f9000 	C:\WINDOWS\SYSTEM32\WSOCK32.dll
0x00007ffc9e620000 - 0x00007ffc9e62a000 	C:\WINDOWS\SYSTEM32\VERSION.dll
0x00007ffca9220000 - 0x00007ffca928f000 	C:\WINDOWS\System32\WS2_32.dll
0x00007ffca5ee0000 - 0x00007ffca5ef3000 	C:\WINDOWS\SYSTEM32\UMPDC.dll
0x00007ffca5d50000 - 0x00007ffca5d68000 	C:\WINDOWS\SYSTEM32\kernel.appcore.dll
0x00007ffc89960000 - 0x00007ffc8996a000 	c:\Users\FPT\.vscode\extensions\redhat.java-1.26.0-win32-x64\jre\17.0.9-win32-x86_64\bin\jimage.dll
0x00007ffca4190000 - 0x00007ffca43b1000 	C:\WINDOWS\SYSTEM32\DBGHELP.DLL
0x00007ffc8a4f0000 - 0x00007ffc8a521000 	C:\WINDOWS\SYSTEM32\dbgcore.DLL
0x00007ffca6d30000 - 0x00007ffca6daf000 	C:\WINDOWS\System32\bcryptPrimitives.dll
0x00007ffc7d260000 - 0x00007ffc7d26e000 	c:\Users\FPT\.vscode\extensions\redhat.java-1.26.0-win32-x64\jre\17.0.9-win32-x86_64\bin\instrument.dll
0x00007ffc78850000 - 0x00007ffc78875000 	c:\Users\FPT\.vscode\extensions\redhat.java-1.26.0-win32-x64\jre\17.0.9-win32-x86_64\bin\java.dll
0x00007ffc77a70000 - 0x00007ffc77a88000 	c:\Users\FPT\.vscode\extensions\redhat.java-1.26.0-win32-x64\jre\17.0.9-win32-x86_64\bin\zip.dll
0x00007ffca8730000 - 0x00007ffca8ef5000 	C:\WINDOWS\System32\SHELL32.dll
0x00007ffca4d10000 - 0x00007ffca5572000 	C:\WINDOWS\SYSTEM32\windows.storage.dll
0x00007ffca7690000 - 0x00007ffca7a06000 	C:\WINDOWS\System32\combase.dll
0x00007ffca4ba0000 - 0x00007ffca4d07000 	C:\WINDOWS\SYSTEM32\wintypes.dll
0x00007ffca94d0000 - 0x00007ffca95ba000 	C:\WINDOWS\System32\SHCORE.dll
0x00007ffca7630000 - 0x00007ffca768d000 	C:\WINDOWS\System32\shlwapi.dll
0x00007ffca6ba0000 - 0x00007ffca6bc5000 	C:\WINDOWS\SYSTEM32\profapi.dll
0x00007ffc73470000 - 0x00007ffc73489000 	C:\Users\FPT\.vscode\extensions\redhat.java-1.26.0-win32-x64\jre\17.0.9-win32-x86_64\bin\net.dll
0x00007ffca05f0000 - 0x00007ffca0704000 	C:\WINDOWS\SYSTEM32\WINHTTP.dll
0x00007ffca6280000 - 0x00007ffca62e7000 	C:\WINDOWS\system32\mswsock.dll
0x00007ffc730f0000 - 0x00007ffc73106000 	C:\Users\FPT\.vscode\extensions\redhat.java-1.26.0-win32-x64\jre\17.0.9-win32-x86_64\bin\nio.dll
0x00007ffc7d120000 - 0x00007ffc7d130000 	c:\Users\FPT\.vscode\extensions\redhat.java-1.26.0-win32-x64\jre\17.0.9-win32-x86_64\bin\verify.dll
0x00007ffc635d0000 - 0x00007ffc6360e000 	C:\Users\FPT\AppData\Roaming\Code\User\globalStorage\redhat.java\1.26.0\config_ss_win\org.eclipse.equinox.launcher\org.eclipse.equinox.launcher.win32.win32.x86_64_1.2.800.v20231003-1442\eclipse_11802.dll
0x00007ffca9290000 - 0x00007ffca942a000 	C:\WINDOWS\System32\ole32.dll

dbghelp: loaded successfully - version: 4.0.5 - missing functions: none
symbol engine: initialized successfully - sym options: 0x614 - pdb path: .;c:\Users\FPT\.vscode\extensions\redhat.java-1.26.0-win32-x64\jre\17.0.9-win32-x86_64\bin;C:\WINDOWS\SYSTEM32;C:\WINDOWS\WinSxS\amd64_microsoft.windows.common-controls_6595b64144ccf1df_6.0.22000.120_none_9d947278b86cc467;c:\Users\FPT\.vscode\extensions\redhat.java-1.26.0-win32-x64\jre\17.0.9-win32-x86_64\bin\server;C:\Users\FPT\AppData\Roaming\Code\User\globalStorage\redhat.java\1.26.0\config_ss_win\org.eclipse.equinox.launcher\org.eclipse.equinox.launcher.win32.win32.x86_64_1.2.800.v20231003-1442

VM Arguments:
jvm_args: --add-modules=ALL-SYSTEM --add-opens=java.base/java.util=ALL-UNNAMED --add-opens=java.base/java.lang=ALL-UNNAMED --add-opens=java.base/sun.nio.fs=ALL-UNNAMED -Declipse.application=org.eclipse.jdt.ls.core.id1 -Dosgi.bundles.defaultStartLevel=4 -Declipse.product=org.eclipse.jdt.ls.core.product -Djava.import.generatesMetadataFilesAtProjectRoot=false -DDetectVMInstallationsJob.disabled=true -Dfile.encoding=utf8 -XX:+UseParallelGC -XX:GCTimeRatio=4 -XX:AdaptiveSizePolicyWeight=90 -Dsun.zip.disableMemoryMapping=true -Xmx1G -Xms100m -Xlog:disable -javaagent:c:\Users\FPT\.vscode\extensions\redhat.java-1.26.0-win32-x64\lombok\lombok-1.18.31-3454.jar 
java_command: c:\Users\FPT\.vscode\extensions\redhat.java-1.26.0-win32-x64\server\plugins\org.eclipse.equinox.launcher_1.6.700.v20231214-2017.jar -configuration c:\Users\FPT\AppData\Roaming\Code\User\globalStorage\redhat.java\1.26.0\config_ss_win -data c:\Users\FPT\AppData\Roaming\Code\User\workspaceStorage\88892199327c2b0873270458b71ff8b7\redhat.java\ss_ws --stdio
java_class_path (initial): c:\Users\FPT\.vscode\extensions\redhat.java-1.26.0-win32-x64\server\plugins\org.eclipse.equinox.launcher_1.6.700.v20231214-2017.jar
Launcher Type: SUN_STANDARD

[Global flags]
    uintx AdaptiveSizePolicyWeight                 = 90                                        {product} {command line}
     intx CICompilerCount                          = 4                                         {product} {ergonomic}
    uintx GCTimeRatio                              = 4                                         {product} {command line}
   size_t InitialHeapSize                          = 104857600                                 {product} {command line}
   size_t MaxHeapSize                              = 1073741824                                {product} {command line}
   size_t MaxNewSize                               = 357564416                                 {product} {ergonomic}
   size_t MinHeapDeltaBytes                        = 524288                                    {product} {ergonomic}
   size_t MinHeapSize                              = 104857600                                 {product} {command line}
   size_t NewSize                                  = 34603008                                  {product} {ergonomic}
    uintx NonNMethodCodeHeapSize                   = 5839372                                {pd product} {ergonomic}
    uintx NonProfiledCodeHeapSize                  = 122909434                              {pd product} {ergonomic}
   size_t OldSize                                  = 70254592                                  {product} {ergonomic}
    uintx ProfiledCodeHeapSize                     = 122909434                              {pd product} {ergonomic}
    uintx ReservedCodeCacheSize                    = 251658240                              {pd product} {ergonomic}
     bool SegmentedCodeCache                       = true                                      {product} {ergonomic}
   size_t SoftMaxHeapSize                          = 1073741824                             {manageable} {ergonomic}
     bool UseCompressedClassPointers               = true                           {product lp64_product} {ergonomic}
     bool UseCompressedOops                        = true                           {product lp64_product} {ergonomic}
     bool UseLargePagesIndividualAllocation        = false                                  {pd product} {ergonomic}
     bool UseParallelGC                            = true                                      {product} {command line}

Logging:
Log output configuration:
 #0: stdout all=off uptime,level,tags
 #1: stderr all=off uptime,level,tags

Environment Variables:
JAVA_HOME=C:\Program Files\Java\jdk-17
PATH=C:\Program Files\Common Files\Oracle\Java\javapath;C:\WINDOWS\system32;C:\WINDOWS;C:\WINDOWS\System32\Wbem;C:\WINDOWS\System32\WindowsPowerShell\v1.0\;C:\WINDOWS\System32\OpenSSH\;C:\Program Files\Git\cmd;C:\Program Files\Azure Data Studio\bin;C:\xampp\php;C:\ProgramData\ComposerSetup\bin;C:\Program Files\MySQL\MySQL Server 8.0\bin;C:\Users\FPT\AppData\Roaming\nvm;C:\Program Files\nodejs;C:\Program Files\nodejs\;C:\ProgramData\chocolatey\bin;;C:\Program Files\Docker\Docker\resources\bin;C:\Users\FPT\AppData\Local\Android\Sdk\platform-tools;C:\Program Files\MySQL\MySQL Shell 8.0\bin\;C:\Users\FPT\AppData\Local\Microsoft\WindowsApps;C:\Users\FPT\AppData\Local\Programs\Microsoft VS Code\bin;C:\Program Files\JetBrains\IntelliJ IDEA Community Edition 2022.1.1\bin;;C:\Program Files\Azure Data Studio\bin;C:\Users\FPT\AppData\Roaming\Composer\vendor\bin;D:\Intellij\IntelliJ IDEA 2023.1.3\bin;;C:\Users\FPT\AppData\Roaming\nvm;C:\Program Files\nodejs;C:\Users\FPT\AppData\Roaming\npm;
USERNAME=Nguy?n Viên
OS=Windows_NT
PROCESSOR_IDENTIFIER=Intel64 Family 6 Model 140 Stepping 1, GenuineIntel
TMP=C:\Users\FPT\AppData\Local\Temp
TEMP=C:\Users\FPT\AppData\Local\Temp



Periodic native trim disabled


---------------  S Y S T E M  ---------------

OS:
 Windows 11 , 64 bit Build 22000 (10.0.22000.2538)
OS uptime: 0 days 7:49 hours
Hyper-V role detected

CPU: total 8 (initial active 8) (4 cores per cpu, 2 threads per core) family 6 model 140 stepping 1 microcode 0xa4, cx8, cmov, fxsr, ht, mmx, 3dnowpref, sse, sse2, sse3, ssse3, sse4.1, sse4.2, popcnt, lzcnt, tsc, tscinvbit, avx, avx2, aes, erms, clmul, bmi1, bmi2, adx, avx512f, avx512dq, avx512cd, avx512bw, avx512vl, sha, fma, vzeroupper, avx512_vpopcntdq, avx512_vpclmulqdq, avx512_vaes, avx512_vnni, clflush, clflushopt, clwb, avx512_vbmi2, avx512_vbmi, hv
Processor Information for processor 0
  Max Mhz: 2419, Current Mhz: 2419, Mhz Limit: 2419
Processor Information for processor 1
  Max Mhz: 2419, Current Mhz: 2419, Mhz Limit: 2419
Processor Information for processor 2
  Max Mhz: 2419, Current Mhz: 2419, Mhz Limit: 2419
Processor Information for processor 3
  Max Mhz: 2419, Current Mhz: 1511, Mhz Limit: 2419
Processor Information for processor 4
  Max Mhz: 2419, Current Mhz: 2419, Mhz Limit: 2419
Processor Information for processor 5
  Max Mhz: 2419, Current Mhz: 2419, Mhz Limit: 2419
Processor Information for processor 6
  Max Mhz: 2419, Current Mhz: 2419, Mhz Limit: 2419
Processor Information for processor 7
  Max Mhz: 2419, Current Mhz: 1511, Mhz Limit: 2419

Memory: 4k page, system-wide physical 7957M (165M free)
TotalPageFile size 17780M (AvailPageFile size 8M)
current process WorkingSet (physical memory assigned to process): 118M, peak: 118M
current process commit charge ("private bytes"): 227M, peak: 227M

vm_info: OpenJDK 64-Bit Server VM (17.0.9+9) for windows-amd64 JRE (17.0.9+9), built on Oct 26 2023 14:01:42 by "admin" with MS VC++ 16.10 / 16.11 (VS2019)

END.
